2024-10-27 23:32:35,855 - ERROR - Error loading documents: File path None is not a valid file or url
2024-10-27 23:54:15,190 - ERROR - Error loading documents: File path None is not a valid file or url
2024-10-27 23:57:29,485 - ERROR - Error loading documents: File path None is not a valid file or url
2024-10-27 23:58:43,810 - ERROR - Error loading documents: File path None is not a valid file or url
2024-10-28 00:24:55,975 - INFO - Anonymized telemetry enabled. See                     https://docs.trychroma.com/telemetry for more information.
2024-10-28 00:27:26,000 - INFO - Anonymized telemetry enabled. See                     https://docs.trychroma.com/telemetry for more information.
2024-10-28 00:29:27,872 - INFO - Anonymized telemetry enabled. See                     https://docs.trychroma.com/telemetry for more information.
2024-10-28 00:30:56,705 - INFO - Anonymized telemetry enabled. See                     https://docs.trychroma.com/telemetry for more information.
2024-10-28 00:30:58,545 - INFO - HTTP Request: POST https://api.openai.com/v1/embeddings "HTTP/1.1 200 OK"
2024-10-28 00:31:31,194 - INFO - Anonymized telemetry enabled. See                     https://docs.trychroma.com/telemetry for more information.
2024-10-28 00:31:33,235 - INFO - HTTP Request: POST https://api.openai.com/v1/embeddings "HTTP/1.1 200 OK"
2024-10-28 00:32:26,123 - INFO - Anonymized telemetry enabled. See                     https://docs.trychroma.com/telemetry for more information.
2024-10-28 00:32:28,364 - INFO - HTTP Request: POST https://api.openai.com/v1/embeddings "HTTP/1.1 200 OK"
2024-10-28 00:33:47,003 - INFO - Anonymized telemetry enabled. See                     https://docs.trychroma.com/telemetry for more information.
2024-10-28 00:33:51,003 - INFO - HTTP Request: POST https://api.openai.com/v1/embeddings "HTTP/1.1 200 OK"
2024-10-28 00:36:26,199 - INFO - Anonymized telemetry enabled. See                     https://docs.trychroma.com/telemetry for more information.
2024-10-28 00:36:28,599 - INFO - HTTP Request: POST https://api.openai.com/v1/embeddings "HTTP/1.1 200 OK"
2024-10-28 00:39:29,040 - INFO - Anonymized telemetry enabled. See                     https://docs.trychroma.com/telemetry for more information.
2024-10-28 00:39:31,484 - INFO - HTTP Request: POST https://api.openai.com/v1/embeddings "HTTP/1.1 200 OK"
2024-10-28 00:40:12,862 - INFO - Anonymized telemetry enabled. See                     https://docs.trychroma.com/telemetry for more information.
2024-10-28 00:40:15,844 - INFO - HTTP Request: POST https://api.openai.com/v1/embeddings "HTTP/1.1 200 OK"
2024-10-28 00:43:40,509 - INFO - Anonymized telemetry enabled. See                     https://docs.trychroma.com/telemetry for more information.
2024-10-28 00:43:43,499 - INFO - HTTP Request: POST https://api.openai.com/v1/embeddings "HTTP/1.1 200 OK"
2024-10-28 00:58:08,005 - INFO - Anonymized telemetry enabled. See                     https://docs.trychroma.com/telemetry for more information.
2024-10-28 00:58:10,342 - INFO - HTTP Request: POST https://api.openai.com/v1/embeddings "HTTP/1.1 200 OK"
2024-10-28 00:58:44,924 - INFO - HTTP Request: POST https://api.openai.com/v1/embeddings "HTTP/1.1 200 OK"
2024-10-28 00:58:50,466 - INFO - HTTP Request: POST https://api.openai.com/v1/embeddings "HTTP/1.1 200 OK"
2024-10-28 00:58:51,582 - INFO - HTTP Request: POST https://api.openai.com/v1/chat/completions "HTTP/1.1 200 OK"
2024-10-28 00:59:15,900 - ERROR - Error in question-answering: Message dict must contain 'role' and 'content' keys, got {'user': 'hi', 'bot': 'Hello! How can I assist you today?'}
For troubleshooting, visit: https://python.langchain.com/docs/troubleshooting/errors/MESSAGE_COERCION_FAILURE
2024-10-28 01:00:32,940 - INFO - HTTP Request: POST https://api.openai.com/v1/embeddings "HTTP/1.1 200 OK"
2024-10-28 01:00:33,066 - ERROR - Error in question-answering: no such table: collections
2024-10-28 01:02:45,818 - INFO - Anonymized telemetry enabled. See                     https://docs.trychroma.com/telemetry for more information.
2024-10-28 01:02:47,409 - INFO - HTTP Request: POST https://api.openai.com/v1/embeddings "HTTP/1.1 200 OK"
2024-10-28 01:04:05,158 - INFO - HTTP Request: POST https://api.openai.com/v1/embeddings "HTTP/1.1 200 OK"
2024-10-28 01:04:07,683 - INFO - HTTP Request: POST https://api.openai.com/v1/chat/completions "HTTP/1.1 200 OK"
2024-10-28 01:10:14,742 - INFO - Anonymized telemetry enabled. See                     https://docs.trychroma.com/telemetry for more information.
2024-10-28 01:10:17,201 - INFO - HTTP Request: POST https://api.openai.com/v1/embeddings "HTTP/1.1 200 OK"
2024-10-28 01:10:20,681 - INFO - HTTP Request: POST https://api.openai.com/v1/embeddings "HTTP/1.1 200 OK"
2024-10-28 01:10:24,699 - INFO - HTTP Request: POST https://api.openai.com/v1/embeddings "HTTP/1.1 200 OK"
2024-10-28 01:10:29,425 - INFO - HTTP Request: POST https://api.openai.com/v1/embeddings "HTTP/1.1 200 OK"
2024-10-28 01:10:33,521 - INFO - HTTP Request: POST https://api.openai.com/v1/embeddings "HTTP/1.1 200 OK"
2024-10-28 01:10:36,734 - INFO - HTTP Request: POST https://api.openai.com/v1/embeddings "HTTP/1.1 200 OK"
2024-10-28 01:10:40,593 - INFO - HTTP Request: POST https://api.openai.com/v1/embeddings "HTTP/1.1 200 OK"
2024-10-28 01:10:45,327 - INFO - HTTP Request: POST https://api.openai.com/v1/embeddings "HTTP/1.1 200 OK"
2024-10-28 01:10:48,831 - INFO - HTTP Request: POST https://api.openai.com/v1/embeddings "HTTP/1.1 200 OK"
2024-10-28 01:10:52,057 - INFO - HTTP Request: POST https://api.openai.com/v1/embeddings "HTTP/1.1 200 OK"
2024-10-28 01:10:57,230 - INFO - HTTP Request: POST https://api.openai.com/v1/embeddings "HTTP/1.1 200 OK"
2024-10-28 01:11:02,385 - INFO - HTTP Request: POST https://api.openai.com/v1/embeddings "HTTP/1.1 200 OK"
2024-10-28 01:11:07,091 - INFO - HTTP Request: POST https://api.openai.com/v1/embeddings "HTTP/1.1 200 OK"
2024-10-28 01:11:12,472 - INFO - HTTP Request: POST https://api.openai.com/v1/embeddings "HTTP/1.1 200 OK"
2024-10-28 01:11:36,083 - INFO - HTTP Request: POST https://api.openai.com/v1/embeddings "HTTP/1.1 200 OK"
2024-10-28 01:11:36,254 - ERROR - Error in question-answering: no such table: collections
2024-10-28 01:15:00,176 - INFO - Anonymized telemetry enabled. See                     https://docs.trychroma.com/telemetry for more information.
2024-10-28 01:15:03,026 - INFO - HTTP Request: POST https://api.openai.com/v1/embeddings "HTTP/1.1 200 OK"
2024-10-28 01:15:06,693 - INFO - HTTP Request: POST https://api.openai.com/v1/embeddings "HTTP/1.1 200 OK"
2024-10-28 01:15:10,863 - INFO - HTTP Request: POST https://api.openai.com/v1/embeddings "HTTP/1.1 200 OK"
2024-10-28 01:15:15,325 - INFO - HTTP Request: POST https://api.openai.com/v1/embeddings "HTTP/1.1 200 OK"
2024-10-28 01:15:19,092 - INFO - HTTP Request: POST https://api.openai.com/v1/embeddings "HTTP/1.1 200 OK"
2024-10-28 01:15:22,976 - INFO - HTTP Request: POST https://api.openai.com/v1/embeddings "HTTP/1.1 200 OK"
2024-10-28 01:15:27,046 - INFO - HTTP Request: POST https://api.openai.com/v1/embeddings "HTTP/1.1 200 OK"
2024-10-28 01:15:31,024 - INFO - HTTP Request: POST https://api.openai.com/v1/embeddings "HTTP/1.1 200 OK"
2024-10-28 01:17:06,072 - INFO - HTTP Request: POST https://api.openai.com/v1/embeddings "HTTP/1.1 200 OK"
2024-10-28 01:17:10,489 - INFO - HTTP Request: POST https://api.openai.com/v1/embeddings "HTTP/1.1 200 OK"
2024-10-28 01:17:14,767 - INFO - HTTP Request: POST https://api.openai.com/v1/embeddings "HTTP/1.1 200 OK"
2024-10-28 01:17:17,271 - INFO - HTTP Request: POST https://api.openai.com/v1/embeddings "HTTP/1.1 200 OK"
2024-10-28 01:17:21,173 - INFO - HTTP Request: POST https://api.openai.com/v1/embeddings "HTTP/1.1 200 OK"
2024-10-28 01:17:24,541 - INFO - HTTP Request: POST https://api.openai.com/v1/embeddings "HTTP/1.1 200 OK"
2024-10-28 01:18:31,020 - INFO - HTTP Request: POST https://api.openai.com/v1/embeddings "HTTP/1.1 200 OK"
2024-10-28 01:18:31,887 - INFO - HTTP Request: POST https://api.openai.com/v1/chat/completions "HTTP/1.1 200 OK"
2024-10-28 01:18:48,972 - ERROR - Error in question-answering: Message dict must contain 'role' and 'content' keys, got {'user': 'Hi', 'bot': 'Hello! How can I assist you today?'}
For troubleshooting, visit: https://python.langchain.com/docs/troubleshooting/errors/MESSAGE_COERCION_FAILURE
2024-10-28 01:19:11,537 - ERROR - Error in question-answering: Message dict must contain 'role' and 'content' keys, got {'user': 'Hi', 'bot': 'Hello! How can I assist you today?'}
For troubleshooting, visit: https://python.langchain.com/docs/troubleshooting/errors/MESSAGE_COERCION_FAILURE
2024-10-28 01:20:12,760 - ERROR - Error in question-answering: Message dict must contain 'role' and 'content' keys, got {'user': 'Hi', 'bot': 'Hello! How can I assist you today?'}
For troubleshooting, visit: https://python.langchain.com/docs/troubleshooting/errors/MESSAGE_COERCION_FAILURE
2024-10-28 01:20:18,467 - ERROR - Error in question-answering: Message dict must contain 'role' and 'content' keys, got {'user': 'Hi', 'bot': 'Hello! How can I assist you today?'}
For troubleshooting, visit: https://python.langchain.com/docs/troubleshooting/errors/MESSAGE_COERCION_FAILURE
2024-10-28 01:20:21,492 - INFO - HTTP Request: POST https://api.openai.com/v1/embeddings "HTTP/1.1 200 OK"
2024-10-28 01:20:21,668 - ERROR - Error in question-answering: no such table: collections
2024-10-28 01:20:27,151 - INFO - HTTP Request: POST https://api.openai.com/v1/embeddings "HTTP/1.1 200 OK"
2024-10-28 01:20:27,151 - ERROR - Error in question-answering: no such table: collections
2024-10-28 01:26:53,976 - INFO - Anonymized telemetry enabled. See                     https://docs.trychroma.com/telemetry for more information.
2024-10-28 01:26:56,175 - INFO - HTTP Request: POST https://api.openai.com/v1/embeddings "HTTP/1.1 200 OK"
2024-10-28 01:27:00,405 - INFO - HTTP Request: POST https://api.openai.com/v1/embeddings "HTTP/1.1 200 OK"
2024-10-28 01:27:05,041 - INFO - HTTP Request: POST https://api.openai.com/v1/embeddings "HTTP/1.1 200 OK"
2024-10-28 01:27:08,857 - INFO - HTTP Request: POST https://api.openai.com/v1/embeddings "HTTP/1.1 200 OK"
2024-10-28 01:27:12,696 - INFO - HTTP Request: POST https://api.openai.com/v1/embeddings "HTTP/1.1 200 OK"
2024-10-28 01:27:18,174 - INFO - HTTP Request: POST https://api.openai.com/v1/embeddings "HTTP/1.1 200 OK"
2024-10-28 01:27:21,774 - INFO - HTTP Request: POST https://api.openai.com/v1/embeddings "HTTP/1.1 200 OK"
2024-10-28 01:27:26,557 - INFO - HTTP Request: POST https://api.openai.com/v1/embeddings "HTTP/1.1 200 OK"
2024-10-28 01:27:31,090 - INFO - HTTP Request: POST https://api.openai.com/v1/embeddings "HTTP/1.1 200 OK"
2024-10-28 01:27:35,540 - INFO - HTTP Request: POST https://api.openai.com/v1/embeddings "HTTP/1.1 200 OK"
2024-10-28 01:27:40,290 - INFO - HTTP Request: POST https://api.openai.com/v1/embeddings "HTTP/1.1 200 OK"
2024-10-28 01:27:43,973 - INFO - HTTP Request: POST https://api.openai.com/v1/embeddings "HTTP/1.1 200 OK"
2024-10-28 01:27:48,756 - INFO - HTTP Request: POST https://api.openai.com/v1/embeddings "HTTP/1.1 200 OK"
2024-10-28 01:27:51,773 - INFO - HTTP Request: POST https://api.openai.com/v1/embeddings "HTTP/1.1 200 OK"
2024-10-28 01:31:24,354 - INFO - Anonymized telemetry enabled. See                     https://docs.trychroma.com/telemetry for more information.
2024-10-28 01:31:26,758 - INFO - HTTP Request: POST https://api.openai.com/v1/embeddings "HTTP/1.1 200 OK"
2024-10-28 01:31:31,967 - INFO - HTTP Request: POST https://api.openai.com/v1/embeddings "HTTP/1.1 200 OK"
2024-10-28 01:31:35,451 - INFO - HTTP Request: POST https://api.openai.com/v1/embeddings "HTTP/1.1 200 OK"
2024-10-28 01:31:38,567 - INFO - HTTP Request: POST https://api.openai.com/v1/embeddings "HTTP/1.1 200 OK"
2024-10-28 01:31:41,918 - INFO - HTTP Request: POST https://api.openai.com/v1/embeddings "HTTP/1.1 200 OK"
2024-10-28 01:31:47,084 - INFO - HTTP Request: POST https://api.openai.com/v1/embeddings "HTTP/1.1 200 OK"
2024-10-28 01:31:51,350 - INFO - HTTP Request: POST https://api.openai.com/v1/embeddings "HTTP/1.1 200 OK"
2024-10-28 01:31:54,634 - INFO - HTTP Request: POST https://api.openai.com/v1/embeddings "HTTP/1.1 200 OK"
2024-10-28 01:31:58,433 - INFO - HTTP Request: POST https://api.openai.com/v1/embeddings "HTTP/1.1 200 OK"
2024-10-28 01:32:02,683 - INFO - HTTP Request: POST https://api.openai.com/v1/embeddings "HTTP/1.1 200 OK"
2024-10-28 01:32:05,283 - INFO - HTTP Request: POST https://api.openai.com/v1/embeddings "HTTP/1.1 200 OK"
2024-10-28 01:32:08,467 - INFO - HTTP Request: POST https://api.openai.com/v1/embeddings "HTTP/1.1 200 OK"
2024-10-28 01:32:12,283 - INFO - HTTP Request: POST https://api.openai.com/v1/embeddings "HTTP/1.1 200 OK"
2024-10-28 01:32:17,050 - INFO - HTTP Request: POST https://api.openai.com/v1/embeddings "HTTP/1.1 200 OK"
2024-10-28 01:37:41,325 - INFO - Anonymized telemetry enabled. See                     https://docs.trychroma.com/telemetry for more information.
2024-10-28 01:37:41,625 - ERROR - Error in question-answering: name 'splits' is not defined
2024-10-28 01:37:56,107 - ERROR - Error in question-answering: name 'splits' is not defined
2024-10-28 01:39:59,782 - ERROR - Error in question-answering: Could not connect to tenant default_tenant. Are you sure it exists?
2024-10-28 01:40:05,316 - ERROR - Error in question-answering: Could not connect to tenant default_tenant. Are you sure it exists?
2024-10-28 01:40:09,304 - ERROR - Error in question-answering: Could not connect to tenant default_tenant. Are you sure it exists?
2024-10-28 01:42:28,314 - ERROR - Error in question-answering: Could not connect to tenant default_tenant. Are you sure it exists?
2024-10-28 01:42:32,890 - ERROR - Error in question-answering: Could not connect to tenant default_tenant. Are you sure it exists?
2024-10-28 01:43:31,716 - ERROR - Error in question-answering: Could not connect to tenant default_tenant. Are you sure it exists?
2024-10-28 01:43:50,195 - ERROR - Error in question-answering: Could not connect to tenant default_tenant. Are you sure it exists?
2024-10-28 01:44:16,301 - INFO - Anonymized telemetry enabled. See                     https://docs.trychroma.com/telemetry for more information.
2024-10-28 01:44:18,898 - INFO - HTTP Request: POST https://api.openai.com/v1/embeddings "HTTP/1.1 200 OK"
2024-10-28 01:44:21,398 - INFO - HTTP Request: POST https://api.openai.com/v1/embeddings "HTTP/1.1 200 OK"
2024-10-28 01:44:24,498 - INFO - HTTP Request: POST https://api.openai.com/v1/embeddings "HTTP/1.1 200 OK"
2024-10-28 01:44:28,746 - INFO - HTTP Request: POST https://api.openai.com/v1/embeddings "HTTP/1.1 200 OK"
2024-10-28 01:44:34,520 - INFO - HTTP Request: POST https://api.openai.com/v1/embeddings "HTTP/1.1 200 OK"
2024-10-28 01:44:39,122 - INFO - HTTP Request: POST https://api.openai.com/v1/embeddings "HTTP/1.1 200 OK"
2024-10-28 01:44:42,881 - INFO - HTTP Request: POST https://api.openai.com/v1/embeddings "HTTP/1.1 200 OK"
2024-10-28 01:44:46,298 - INFO - HTTP Request: POST https://api.openai.com/v1/embeddings "HTTP/1.1 200 OK"
2024-10-28 01:44:50,765 - INFO - HTTP Request: POST https://api.openai.com/v1/embeddings "HTTP/1.1 200 OK"
2024-10-28 01:44:54,866 - INFO - HTTP Request: POST https://api.openai.com/v1/embeddings "HTTP/1.1 200 OK"
2024-10-28 01:44:58,298 - INFO - HTTP Request: POST https://api.openai.com/v1/embeddings "HTTP/1.1 200 OK"
2024-10-28 01:45:03,815 - INFO - HTTP Request: POST https://api.openai.com/v1/embeddings "HTTP/1.1 200 OK"
2024-10-28 01:45:08,347 - INFO - HTTP Request: POST https://api.openai.com/v1/embeddings "HTTP/1.1 200 OK"
2024-10-28 01:45:12,263 - INFO - HTTP Request: POST https://api.openai.com/v1/embeddings "HTTP/1.1 200 OK"
2024-10-28 01:45:14,073 - INFO - HTTP Request: POST https://api.openai.com/v1/embeddings "HTTP/1.1 200 OK"
2024-10-28 01:45:15,277 - INFO - HTTP Request: POST https://api.openai.com/v1/chat/completions "HTTP/1.1 200 OK"
2024-10-28 01:45:58,696 - INFO - HTTP Request: POST https://api.openai.com/v1/embeddings "HTTP/1.1 200 OK"
2024-10-28 01:46:00,114 - INFO - HTTP Request: POST https://api.openai.com/v1/chat/completions "HTTP/1.1 200 OK"
2024-10-28 02:07:21,766 - INFO - Anonymized telemetry enabled. See                     https://docs.trychroma.com/telemetry for more information.
2024-10-28 02:07:24,429 - INFO - HTTP Request: POST https://api.openai.com/v1/embeddings "HTTP/1.1 200 OK"
2024-10-28 02:07:29,271 - INFO - HTTP Request: POST https://api.openai.com/v1/embeddings "HTTP/1.1 200 OK"
2024-10-28 02:07:32,380 - INFO - HTTP Request: POST https://api.openai.com/v1/embeddings "HTTP/1.1 200 OK"
2024-10-28 02:07:37,324 - INFO - HTTP Request: POST https://api.openai.com/v1/embeddings "HTTP/1.1 200 OK"
2024-10-28 02:07:42,021 - INFO - HTTP Request: POST https://api.openai.com/v1/embeddings "HTTP/1.1 200 OK"
2024-10-28 02:07:46,801 - INFO - HTTP Request: POST https://api.openai.com/v1/embeddings "HTTP/1.1 200 OK"
2024-10-28 02:07:50,397 - INFO - HTTP Request: POST https://api.openai.com/v1/embeddings "HTTP/1.1 200 OK"
2024-10-28 02:07:54,693 - INFO - HTTP Request: POST https://api.openai.com/v1/embeddings "HTTP/1.1 200 OK"
2024-10-28 02:07:58,299 - INFO - HTTP Request: POST https://api.openai.com/v1/embeddings "HTTP/1.1 200 OK"
2024-10-28 02:08:02,497 - INFO - HTTP Request: POST https://api.openai.com/v1/embeddings "HTTP/1.1 200 OK"
2024-10-28 02:08:05,620 - INFO - HTTP Request: POST https://api.openai.com/v1/embeddings "HTTP/1.1 200 OK"
2024-10-28 02:08:09,932 - INFO - HTTP Request: POST https://api.openai.com/v1/embeddings "HTTP/1.1 200 OK"
2024-10-28 02:08:14,753 - INFO - HTTP Request: POST https://api.openai.com/v1/embeddings "HTTP/1.1 200 OK"
2024-10-28 02:08:17,549 - INFO - HTTP Request: POST https://api.openai.com/v1/embeddings "HTTP/1.1 200 OK"
2024-10-28 02:08:19,926 - INFO - HTTP Request: POST https://api.openai.com/v1/embeddings "HTTP/1.1 200 OK"
2024-10-28 02:08:21,237 - INFO - HTTP Request: POST https://api.openai.com/v1/chat/completions "HTTP/1.1 200 OK"
2024-10-28 02:09:52,440 - INFO - HTTP Request: POST https://api.openai.com/v1/embeddings "HTTP/1.1 200 OK"
2024-10-28 02:09:52,440 - ERROR - Error in question-answering: no such table: collections
2024-10-28 02:09:59,844 - INFO - HTTP Request: POST https://api.openai.com/v1/embeddings "HTTP/1.1 200 OK"
2024-10-28 02:09:59,860 - ERROR - Error in question-answering: no such table: collections
2024-10-28 02:10:19,068 - INFO - HTTP Request: POST https://api.openai.com/v1/embeddings "HTTP/1.1 200 OK"
2024-10-28 02:10:19,068 - ERROR - Error in question-answering: no such table: collections
2024-10-28 02:10:39,110 - INFO - HTTP Request: POST https://api.openai.com/v1/embeddings "HTTP/1.1 200 OK"
2024-10-28 02:10:39,126 - ERROR - Error in question-answering: no such table: collections
2024-10-28 02:10:53,438 - INFO - HTTP Request: POST https://api.openai.com/v1/embeddings "HTTP/1.1 200 OK"
2024-10-28 02:10:53,438 - ERROR - Error in question-answering: no such table: collections
2024-10-28 02:12:25,182 - ERROR - Error in question-answering: expected str, bytes or os.PathLike object, not NoneType
2024-10-28 02:12:41,086 - ERROR - Error in question-answering: expected str, bytes or os.PathLike object, not NoneType
2024-10-28 02:13:44,838 - ERROR - Error in question-answering: expected str, bytes or os.PathLike object, not NoneType
2024-10-28 02:13:48,990 - ERROR - Error in question-answering: expected str, bytes or os.PathLike object, not NoneType
2024-10-28 02:14:12,738 - ERROR - Error in question-answering: expected str, bytes or os.PathLike object, not NoneType
2024-10-28 02:14:36,122 - ERROR - Error in question-answering: expected str, bytes or os.PathLike object, not NoneType
2024-10-28 02:14:47,006 - ERROR - Error in question-answering: expected str, bytes or os.PathLike object, not NoneType
2024-10-28 02:15:02,785 - ERROR - Error in question-answering: expected str, bytes or os.PathLike object, not NoneType
2024-10-28 02:15:52,028 - ERROR - Error in question-answering: expected str, bytes or os.PathLike object, not NoneType
2024-10-28 02:16:21,918 - ERROR - Error in question-answering: expected str, bytes or os.PathLike object, not NoneType
2024-10-28 02:16:35,984 - ERROR - Error in question-answering: expected str, bytes or os.PathLike object, not NoneType
2024-10-28 02:16:52,860 - ERROR - Error in question-answering: expected str, bytes or os.PathLike object, not NoneType
2024-10-28 02:28:49,593 - ERROR - Error in question-answering: expected str, bytes or os.PathLike object, not NoneType
2024-10-28 02:37:06,129 - INFO - User Input: tell me about thermodynamics?
2024-10-28 02:37:07,871 - ERROR - Error in question-answering: expected str, bytes or os.PathLike object, not NoneType
2024-10-28 02:40:47,386 - INFO - User Input: tell me about thermodynamics?
2024-10-28 02:40:48,052 - ERROR - Error in question-answering: name 'file_path' is not defined
2024-10-28 02:41:24,265 - INFO - User Input: tell me about thermodynamics?
2024-10-28 02:41:25,028 - ERROR - Cannot load documents from None. File path is invalid.
2024-10-28 02:41:25,028 - ERROR - Cannot load documents from None. File path is invalid.
2024-10-28 02:41:25,030 - ERROR - No document splits available for vector store creation.
2024-10-28 02:41:25,031 - ERROR - Error in question-answering: No document splits to add to vector store.
2024-10-28 11:47:51,757 - INFO - User Input: hi
2024-10-28 11:47:53,540 - ERROR - Cannot load documents from None. File path is invalid.
2024-10-28 11:47:53,541 - ERROR - Cannot load documents from None. File path is invalid.
2024-10-28 11:47:53,543 - ERROR - No document splits available for vector store creation.
2024-10-28 11:47:53,545 - ERROR - Error in question-answering: No document splits to add to vector store.
2024-10-28 17:16:59,712 - INFO - User Input: hi
2024-10-28 17:17:02,941 - ERROR - Error in question-answering: File path Database is not a valid file or url
2024-10-28 17:17:33,395 - INFO - User Input: what is SI unit of pressure?
2024-10-28 17:17:36,437 - ERROR - Error in question-answering: File path Database is not a valid file or url
2024-10-28 17:17:50,032 - INFO - User Input: what are real gases?
2024-10-28 17:17:52,871 - ERROR - Error in question-answering: File path Database is not a valid file or url
2024-10-28 17:20:16,299 - INFO - User Input: what are real gases?
2024-10-28 17:20:17,565 - INFO - Loaded 14 documents from Database.
2024-10-28 17:20:18,278 - INFO - Loaded 12 documents from Database.
2024-10-28 17:20:18,428 - INFO - Loaded 10 documents from Database.
2024-10-28 17:20:22,845 - INFO - Loaded 28 documents from Database.
2024-10-28 17:20:33,939 - INFO - Loaded 45 documents from Database.
2024-10-28 17:20:39,051 - INFO - Loaded 26 documents from Database.
2024-10-28 17:20:51,395 - INFO - Loaded 36 documents from Database.
2024-10-28 17:20:58,829 - INFO - Loaded 32 documents from Database.
2024-10-28 17:21:05,710 - INFO - Loaded 47 documents from Database.
2024-10-28 17:21:07,611 - INFO - Loaded 21 documents from Database.
2024-10-28 17:21:15,761 - INFO - Loaded 39 documents from Database.
2024-10-28 17:21:20,861 - INFO - Loaded 33 documents from Database.
2024-10-28 17:21:23,113 - INFO - Loaded 14 documents from Database.
2024-10-28 17:21:24,126 - INFO - Loaded 14 documents from Database.
2024-10-28 17:21:34,693 - INFO - Loaded 30 documents from Database.
2024-10-28 17:21:38,843 - INFO - Loaded 22 documents from Database.
2024-10-28 17:21:45,526 - INFO - Loaded 30 documents from Database.
2024-10-28 17:21:47,526 - INFO - Loaded 28 documents from Database.
2024-10-28 17:21:52,429 - INFO - Loaded 29 documents from Database.
2024-10-28 17:21:55,375 - INFO - Loaded 23 documents from Database.
2024-10-28 17:22:00,446 - INFO - Loaded 34 documents from Database.
2024-10-28 17:22:05,593 - INFO - Loaded 34 documents from Database.
2024-10-28 17:22:12,075 - INFO - Loaded 32 documents from Database.
2024-10-28 17:22:15,042 - INFO - Loaded 22 documents from Database.
2024-10-28 17:22:15,059 - ERROR - No document splits available for vector store creation.
2024-10-28 17:22:15,059 - ERROR - Error in question-answering: No document splits to add to vector store.
2024-10-28 17:22:27,479 - INFO - User Input: what are real gases?
2024-10-28 17:22:29,296 - ERROR - No document splits available for vector store creation.
2024-10-28 17:22:29,298 - ERROR - Error in question-answering: No document splits to add to vector store.
2024-10-28 17:22:32,738 - INFO - User Input: what are real gases?
2024-10-28 17:22:34,464 - ERROR - No document splits available for vector store creation.
2024-10-28 17:22:34,464 - ERROR - Error in question-answering: No document splits to add to vector store.
2024-10-28 17:23:22,540 - INFO - User Input: what are real gases?
2024-10-28 17:23:23,415 - ERROR - No document splits available for vector store creation.
2024-10-28 17:23:23,415 - ERROR - Error in question-answering: No document splits to add to vector store.
2024-10-28 17:23:55,612 - INFO - User Input: what are real gases?
2024-10-28 17:23:56,432 - ERROR - No document splits available for vector store creation.
2024-10-28 17:23:56,432 - ERROR - Error in question-answering: No document splits to add to vector store.
2024-10-28 17:24:07,346 - INFO - User Input: hi
2024-10-28 17:24:09,123 - ERROR - No document splits available for vector store creation.
2024-10-28 17:24:09,127 - ERROR - Error in question-answering: No document splits to add to vector store.
2024-10-28 17:25:47,371 - INFO - User Input: Hi
2024-10-28 17:25:50,337 - INFO - Loaded 14 documents from Database.
2024-10-28 17:25:51,887 - INFO - Loaded 12 documents from Database.
2024-10-28 17:25:52,271 - INFO - Loaded 10 documents from Database.
2024-10-28 17:25:57,136 - INFO - Loaded 28 documents from Database.
2024-10-28 17:26:06,736 - INFO - Loaded 45 documents from Database.
2024-10-28 17:26:11,653 - INFO - Loaded 26 documents from Database.
2024-10-28 17:26:23,652 - INFO - Loaded 36 documents from Database.
2024-10-28 17:26:30,903 - INFO - Loaded 32 documents from Database.
2024-10-28 17:26:37,803 - INFO - Loaded 47 documents from Database.
2024-10-28 17:26:39,602 - INFO - Loaded 21 documents from Database.
2024-10-28 17:26:47,669 - INFO - Loaded 39 documents from Database.
2024-10-28 17:26:52,719 - INFO - Loaded 33 documents from Database.
2024-10-28 17:26:55,019 - INFO - Loaded 14 documents from Database.
2024-10-28 17:26:56,002 - INFO - Loaded 14 documents from Database.
2024-10-28 17:27:06,535 - INFO - Loaded 30 documents from Database.
2024-10-28 17:27:10,651 - INFO - Loaded 22 documents from Database.
2024-10-28 17:27:17,268 - INFO - Loaded 30 documents from Database.
2024-10-28 17:27:19,068 - INFO - Loaded 28 documents from Database.
2024-10-28 17:27:24,018 - INFO - Loaded 29 documents from Database.
2024-10-28 17:27:26,968 - INFO - Loaded 23 documents from Database.
2024-10-28 17:27:31,868 - INFO - Loaded 34 documents from Database.
2024-10-28 17:27:36,818 - INFO - Loaded 34 documents from Database.
2024-10-28 17:27:43,185 - INFO - Loaded 32 documents from Database.
2024-10-28 17:27:46,201 - INFO - Loaded 22 documents from Database.
2024-10-28 17:27:46,300 - INFO - Anonymized telemetry enabled. See                     https://docs.trychroma.com/telemetry for more information.
2024-10-28 17:27:46,701 - INFO - Added 53 documents to vector store.
2024-10-28 17:27:48,935 - INFO - HTTP Request: POST https://api.openai.com/v1/embeddings "HTTP/1.1 200 OK"
2024-10-28 17:27:50,764 - INFO - HTTP Request: POST https://api.openai.com/v1/embeddings "HTTP/1.1 200 OK"
2024-10-28 17:27:51,432 - INFO - HTTP Request: POST https://api.openai.com/v1/chat/completions "HTTP/1.1 200 OK"
2024-10-28 17:28:16,451 - INFO - User Input: Can you tell me about  thermodynamics?
2024-10-28 17:28:17,017 - INFO - HTTP Request: POST https://api.openai.com/v1/embeddings "HTTP/1.1 200 OK"
2024-10-28 17:28:18,265 - INFO - HTTP Request: POST https://api.openai.com/v1/chat/completions "HTTP/1.1 200 OK"
2024-10-28 17:30:32,187 - INFO - User Input: what is redox reaction?
2024-10-28 17:30:32,828 - INFO - HTTP Request: POST https://api.openai.com/v1/embeddings "HTTP/1.1 200 OK"
2024-10-28 17:30:32,829 - ERROR - Error in question-answering: no such table: collections
2024-10-28 17:30:48,499 - INFO - User Input: what is molality?
2024-10-28 17:30:49,230 - INFO - HTTP Request: POST https://api.openai.com/v1/embeddings "HTTP/1.1 200 OK"
2024-10-28 17:30:49,231 - ERROR - Error in question-answering: no such table: collections
2024-10-28 17:31:02,901 - INFO - User Input: what is normality?
2024-10-28 17:31:03,396 - INFO - HTTP Request: POST https://api.openai.com/v1/embeddings "HTTP/1.1 200 OK"
2024-10-28 17:31:03,396 - ERROR - Error in question-answering: no such table: collections
2024-10-28 17:31:41,769 - INFO - User Input: Hi MolecuLab!
2024-10-28 17:31:46,211 - INFO - Loaded 14 documents from Database.
2024-10-28 17:31:48,594 - INFO - Loaded 12 documents from Database.
2024-10-28 17:31:49,186 - INFO - Loaded 10 documents from Database.
2024-10-28 17:31:56,528 - INFO - Loaded 28 documents from Database.
2024-10-28 17:32:11,219 - INFO - Loaded 45 documents from Database.
2024-10-28 17:32:18,910 - INFO - Loaded 26 documents from Database.
2024-10-28 17:32:37,145 - INFO - Loaded 36 documents from Database.
2024-10-28 17:32:48,351 - INFO - Loaded 32 documents from Database.
2024-10-28 17:32:58,759 - INFO - Loaded 47 documents from Database.
2024-10-28 17:33:01,493 - INFO - Loaded 21 documents from Database.
2024-10-28 17:33:13,876 - INFO - Loaded 39 documents from Database.
2024-10-28 17:33:21,549 - INFO - Loaded 33 documents from Database.
2024-10-28 17:33:25,056 - INFO - Loaded 14 documents from Database.
2024-10-28 17:33:26,692 - INFO - Loaded 14 documents from Database.
2024-10-28 17:33:42,936 - INFO - Loaded 30 documents from Database.
2024-10-28 17:33:49,293 - INFO - Loaded 22 documents from Database.
2024-10-28 17:33:59,475 - INFO - Loaded 30 documents from Database.
2024-10-28 17:34:02,274 - INFO - Loaded 28 documents from Database.
2024-10-28 17:34:09,791 - INFO - Loaded 29 documents from Database.
2024-10-28 17:34:14,292 - INFO - Loaded 23 documents from Database.
2024-10-28 17:34:21,891 - INFO - Loaded 34 documents from Database.
2024-10-28 17:34:29,390 - INFO - Loaded 34 documents from Database.
2024-10-28 17:34:38,757 - INFO - Loaded 32 documents from Database.
2024-10-28 17:34:43,454 - INFO - Loaded 22 documents from Database.
2024-10-28 17:34:43,540 - INFO - Anonymized telemetry enabled. See                     https://docs.trychroma.com/telemetry for more information.
2024-10-28 17:34:43,976 - INFO - Added 53 documents to vector store.
2024-10-28 17:34:45,148 - INFO - HTTP Request: POST https://api.openai.com/v1/embeddings "HTTP/1.1 200 OK"
2024-10-28 17:34:46,881 - INFO - HTTP Request: POST https://api.openai.com/v1/embeddings "HTTP/1.1 200 OK"
2024-10-28 17:34:47,491 - INFO - HTTP Request: POST https://api.openai.com/v1/chat/completions "HTTP/1.1 200 OK"
2024-10-28 17:35:53,291 - INFO - User Input: Hi MolecuLab!
2024-10-28 17:35:57,331 - INFO - Loaded 14 documents from Database.
2024-10-28 17:35:59,744 - INFO - Loaded 12 documents from Database.
2024-10-28 17:36:00,371 - INFO - Loaded 10 documents from Database.
2024-10-28 17:36:06,571 - INFO - Loaded 28 documents from Database.
2024-10-28 17:36:15,821 - INFO - Loaded 45 documents from Database.
2024-10-28 17:36:20,650 - INFO - Loaded 26 documents from Database.
2024-10-28 17:36:32,003 - INFO - Loaded 36 documents from Database.
2024-10-28 17:36:38,971 - INFO - Loaded 32 documents from Database.
2024-10-28 17:36:45,480 - INFO - Loaded 47 documents from Database.
2024-10-28 17:36:47,254 - INFO - Loaded 21 documents from Database.
2024-10-28 17:36:55,013 - INFO - Loaded 39 documents from Database.
2024-10-28 17:36:59,817 - INFO - Loaded 33 documents from Database.
2024-10-28 17:37:01,950 - INFO - Loaded 14 documents from Database.
2024-10-28 17:37:02,918 - INFO - Loaded 14 documents from Database.
2024-10-28 17:37:13,137 - INFO - Loaded 30 documents from Database.
2024-10-28 17:37:17,081 - INFO - Loaded 22 documents from Database.
2024-10-28 17:37:23,370 - INFO - Loaded 30 documents from Database.
2024-10-28 17:37:25,185 - INFO - Loaded 28 documents from Database.
2024-10-28 17:37:29,820 - INFO - Loaded 29 documents from Database.
2024-10-28 17:37:32,585 - INFO - Loaded 23 documents from Database.
2024-10-28 17:37:37,300 - INFO - Loaded 34 documents from Database.
2024-10-28 17:37:42,001 - INFO - Loaded 34 documents from Database.
2024-10-28 17:37:48,019 - INFO - Loaded 32 documents from Database.
2024-10-28 17:37:50,836 - INFO - Loaded 22 documents from Database.
2024-10-28 17:37:50,886 - INFO - Anonymized telemetry enabled. See                     https://docs.trychroma.com/telemetry for more information.
2024-10-28 17:37:51,142 - INFO - Added 53 documents to vector store.
2024-10-28 17:37:52,231 - INFO - HTTP Request: POST https://api.openai.com/v1/embeddings "HTTP/1.1 200 OK"
2024-10-28 17:37:53,868 - INFO - HTTP Request: POST https://api.openai.com/v1/embeddings "HTTP/1.1 200 OK"
2024-10-28 17:37:54,963 - INFO - HTTP Request: POST https://api.openai.com/v1/chat/completions "HTTP/1.1 200 OK"
2024-10-28 17:44:37,210 - INFO - User Input: Can you tell me about ideal gases?
2024-10-28 17:44:37,636 - INFO - HTTP Request: POST https://api.openai.com/v1/embeddings "HTTP/1.1 200 OK"
2024-10-28 17:44:40,252 - INFO - HTTP Request: POST https://api.openai.com/v1/chat/completions "HTTP/1.1 200 OK"
2024-10-28 17:45:00,213 - INFO - User Input: Great, what about properties of real gases?
2024-10-28 17:45:01,789 - INFO - HTTP Request: POST https://api.openai.com/v1/embeddings "HTTP/1.1 200 OK"
2024-10-28 17:45:01,789 - ERROR - Error in question-answering: no such table: collections
2024-10-30 11:59:14,069 - INFO - User Input: Hi
2024-10-30 11:59:16,268 - INFO - Loaded 14 documents from Database.
2024-10-30 11:59:18,955 - INFO - Loaded 12 documents from Database.
2024-10-30 11:59:19,542 - INFO - Loaded 10 documents from Database.
2024-10-30 11:59:26,255 - INFO - Loaded 28 documents from Database.
2024-10-30 11:59:41,215 - INFO - Loaded 45 documents from Database.
2024-10-30 11:59:49,353 - INFO - Loaded 26 documents from Database.
2024-10-30 12:00:04,861 - INFO - Loaded 36 documents from Database.
2024-10-30 12:00:14,280 - INFO - Loaded 32 documents from Database.
2024-10-30 12:00:24,023 - INFO - Loaded 47 documents from Database.
2024-10-30 12:00:26,421 - INFO - Loaded 21 documents from Database.
2024-10-30 12:00:37,244 - INFO - Loaded 39 documents from Database.
2024-10-30 12:00:44,196 - INFO - Loaded 33 documents from Database.
2024-10-30 12:00:47,352 - INFO - Loaded 14 documents from Database.
2024-10-30 12:00:49,080 - INFO - Loaded 14 documents from Database.
2024-10-30 12:01:00,909 - INFO - Loaded 30 documents from Database.
2024-10-30 12:01:04,913 - INFO - Loaded 22 documents from Database.
2024-10-30 12:01:12,751 - INFO - Loaded 30 documents from Database.
2024-10-30 12:01:15,363 - INFO - Loaded 28 documents from Database.
2024-10-30 12:01:21,817 - INFO - Loaded 29 documents from Database.
2024-10-30 12:01:25,734 - INFO - Loaded 23 documents from Database.
2024-10-30 12:01:32,659 - INFO - Loaded 34 documents from Database.
2024-10-30 12:01:39,413 - INFO - Loaded 34 documents from Database.
2024-10-30 12:01:47,815 - INFO - Loaded 32 documents from Database.
2024-10-30 12:01:51,935 - INFO - Loaded 22 documents from Database.
2024-10-30 12:01:52,041 - INFO - Anonymized telemetry enabled. See                     https://docs.trychroma.com/telemetry for more information.
2024-10-30 12:01:52,479 - INFO - Added 53 documents to vector store.
2024-10-30 12:01:54,339 - INFO - HTTP Request: POST https://api.openai.com/v1/embeddings "HTTP/1.1 200 OK"
2024-10-30 12:01:56,384 - INFO - HTTP Request: POST https://api.openai.com/v1/embeddings "HTTP/1.1 200 OK"
2024-10-30 12:01:57,000 - INFO - HTTP Request: POST https://api.openai.com/v1/chat/completions "HTTP/1.1 200 OK"
2024-10-30 13:00:45,660 - INFO - User Input: Hi
2024-10-30 13:00:49,223 - INFO - Loaded 14 documents from Database.
2024-10-30 13:00:51,120 - INFO - Loaded 12 documents from Database.
2024-10-30 13:00:51,560 - INFO - Loaded 10 documents from Database.
2024-10-30 13:00:57,382 - INFO - Loaded 28 documents from Database.
2024-10-30 13:01:09,089 - INFO - Loaded 45 documents from Database.
2024-10-30 13:01:14,958 - INFO - Loaded 26 documents from Database.
2024-10-30 13:01:29,480 - INFO - Loaded 36 documents from Database.
2024-10-30 13:01:38,385 - INFO - Loaded 32 documents from Database.
2024-10-30 13:01:46,529 - INFO - Loaded 47 documents from Database.
2024-10-30 13:01:48,653 - INFO - Loaded 21 documents from Database.
2024-10-30 13:01:58,169 - INFO - Loaded 39 documents from Database.
2024-10-30 13:02:04,638 - INFO - Loaded 33 documents from Database.
2024-10-30 13:02:07,388 - INFO - Loaded 14 documents from Database.
2024-10-30 13:02:08,518 - INFO - Loaded 14 documents from Database.
2024-10-30 13:02:21,315 - INFO - Loaded 30 documents from Database.
2024-10-30 13:02:26,117 - INFO - Loaded 22 documents from Database.
2024-10-30 13:02:34,115 - INFO - Loaded 30 documents from Database.
2024-10-30 13:02:36,431 - INFO - Loaded 28 documents from Database.
2024-10-30 13:02:42,064 - INFO - Loaded 29 documents from Database.
2024-10-30 13:02:45,575 - INFO - Loaded 23 documents from Database.
2024-10-30 13:02:51,782 - INFO - Loaded 34 documents from Database.
2024-10-30 13:02:58,044 - INFO - Loaded 34 documents from Database.
2024-10-30 13:03:06,774 - INFO - Loaded 32 documents from Database.
2024-10-30 13:03:10,722 - INFO - Loaded 22 documents from Database.
2024-10-30 13:03:10,828 - INFO - Anonymized telemetry enabled. See                     https://docs.trychroma.com/telemetry for more information.
2024-10-30 13:03:11,401 - INFO - Added 53 documents to vector store.
2024-10-30 13:03:13,389 - INFO - HTTP Request: POST https://api.openai.com/v1/embeddings "HTTP/1.1 200 OK"
2024-10-30 13:03:14,629 - INFO - HTTP Request: POST https://api.openai.com/v1/embeddings "HTTP/1.1 200 OK"
2024-10-30 13:03:15,447 - INFO - HTTP Request: POST https://api.openai.com/v1/chat/completions "HTTP/1.1 200 OK"
2024-10-30 13:05:02,047 - INFO - User Input: what are real gases?
2024-10-30 13:05:02,051 - ERROR - Error in question-answering: Message dict must contain 'role' and 'content' keys, got {'user': 'Hi', 'MolecuLab': 'Hello! How can I assist you today?'}
For troubleshooting, visit: https://python.langchain.com/docs/troubleshooting/errors/MESSAGE_COERCION_FAILURE
2024-10-30 13:15:07,799 - INFO - User Input: hi
2024-10-30 13:15:08,410 - INFO - HTTP Request: POST https://api.openai.com/v1/embeddings "HTTP/1.1 200 OK"
2024-10-30 13:15:08,410 - ERROR - Error in question-answering: no such table: collections
2024-10-30 13:17:04,557 - INFO - User Input: hi
2024-10-30 13:17:04,566 - ERROR - Error in question-answering: Message dict must contain 'role' and 'content' keys, got {'user': 'hi', 'MolecuLab': "Sorry, I couldn't process that question."}
For troubleshooting, visit: https://python.langchain.com/docs/troubleshooting/errors/MESSAGE_COERCION_FAILURE
Traceback (most recent call last):
  File "C:\Users\mahika.singh\AppData\Local\Packages\PythonSoftwareFoundation.Python.3.12_qbz5n2kfra8p0\LocalCache\local-packages\Python312\site-packages\langchain_core\messages\utils.py", line 316, in _convert_to_message
    msg_type = msg_kwargs.pop("role")
               ^^^^^^^^^^^^^^^^^^^^^^
KeyError: 'role'

During handling of the above exception, another exception occurred:

Traceback (most recent call last):
  File "C:\Users\mahika.singh\AppData\Local\Packages\PythonSoftwareFoundation.Python.3.12_qbz5n2kfra8p0\LocalCache\local-packages\Python312\site-packages\langchain_core\messages\utils.py", line 318, in _convert_to_message
    msg_type = msg_kwargs.pop("type")
               ^^^^^^^^^^^^^^^^^^^^^^
KeyError: 'type'

The above exception was the direct cause of the following exception:

Traceback (most recent call last):
  File "C:\Users\mahika.singh\OneDrive - Tridiagonal Solutions\Personal\My learnings\MolecuLab\bot_backend.py", line 128, in qna
    response = rag_chain.invoke({"input": user_input, "chat_history": chat_history})
               ^^^^^^^^^^^^^^^^^^^^^^^^^^^^^^^^^^^^^^^^^^^^^^^^^^^^^^^^^^^^^^^^^^^^^
  File "C:\Users\mahika.singh\AppData\Local\Packages\PythonSoftwareFoundation.Python.3.12_qbz5n2kfra8p0\LocalCache\local-packages\Python312\site-packages\langchain_core\runnables\base.py", line 5354, in invoke
    return self.bound.invoke(
           ^^^^^^^^^^^^^^^^^^
  File "C:\Users\mahika.singh\AppData\Local\Packages\PythonSoftwareFoundation.Python.3.12_qbz5n2kfra8p0\LocalCache\local-packages\Python312\site-packages\langchain_core\runnables\base.py", line 3022, in invoke
    input = context.run(step.invoke, input, config, **kwargs)
            ^^^^^^^^^^^^^^^^^^^^^^^^^^^^^^^^^^^^^^^^^^^^^^^^^
  File "C:\Users\mahika.singh\AppData\Local\Packages\PythonSoftwareFoundation.Python.3.12_qbz5n2kfra8p0\LocalCache\local-packages\Python312\site-packages\langchain_core\runnables\passthrough.py", line 494, in invoke
    return self._call_with_config(self._invoke, input, config, **kwargs)
           ^^^^^^^^^^^^^^^^^^^^^^^^^^^^^^^^^^^^^^^^^^^^^^^^^^^^^^^^^^^^^
  File "C:\Users\mahika.singh\AppData\Local\Packages\PythonSoftwareFoundation.Python.3.12_qbz5n2kfra8p0\LocalCache\local-packages\Python312\site-packages\langchain_core\runnables\base.py", line 1927, in _call_with_config
    context.run(
  File "C:\Users\mahika.singh\AppData\Local\Packages\PythonSoftwareFoundation.Python.3.12_qbz5n2kfra8p0\LocalCache\local-packages\Python312\site-packages\langchain_core\runnables\config.py", line 396, in call_func_with_variable_args
    return func(input, **kwargs)  # type: ignore[call-arg]
           ^^^^^^^^^^^^^^^^^^^^^
  File "C:\Users\mahika.singh\AppData\Local\Packages\PythonSoftwareFoundation.Python.3.12_qbz5n2kfra8p0\LocalCache\local-packages\Python312\site-packages\langchain_core\runnables\passthrough.py", line 481, in _invoke
    **self.mapper.invoke(
      ^^^^^^^^^^^^^^^^^^^
  File "C:\Users\mahika.singh\AppData\Local\Packages\PythonSoftwareFoundation.Python.3.12_qbz5n2kfra8p0\LocalCache\local-packages\Python312\site-packages\langchain_core\runnables\base.py", line 3727, in invoke
    output = {key: future.result() for key, future in zip(steps, futures)}
                   ^^^^^^^^^^^^^^^
  File "C:\Program Files\WindowsApps\PythonSoftwareFoundation.Python.3.12_3.12.2032.0_x64__qbz5n2kfra8p0\Lib\concurrent\futures\_base.py", line 449, in result
    return self.__get_result()
           ^^^^^^^^^^^^^^^^^^^
  File "C:\Program Files\WindowsApps\PythonSoftwareFoundation.Python.3.12_3.12.2032.0_x64__qbz5n2kfra8p0\Lib\concurrent\futures\_base.py", line 401, in __get_result
    raise self._exception
  File "C:\Program Files\WindowsApps\PythonSoftwareFoundation.Python.3.12_3.12.2032.0_x64__qbz5n2kfra8p0\Lib\concurrent\futures\thread.py", line 58, in run
    result = self.fn(*self.args, **self.kwargs)
             ^^^^^^^^^^^^^^^^^^^^^^^^^^^^^^^^^^
  File "C:\Users\mahika.singh\AppData\Local\Packages\PythonSoftwareFoundation.Python.3.12_qbz5n2kfra8p0\LocalCache\local-packages\Python312\site-packages\langchain_core\runnables\base.py", line 3711, in _invoke_step
    return context.run(
           ^^^^^^^^^^^^
  File "C:\Users\mahika.singh\AppData\Local\Packages\PythonSoftwareFoundation.Python.3.12_qbz5n2kfra8p0\LocalCache\local-packages\Python312\site-packages\langchain_core\runnables\base.py", line 5354, in invoke
    return self.bound.invoke(
           ^^^^^^^^^^^^^^^^^^
  File "C:\Users\mahika.singh\AppData\Local\Packages\PythonSoftwareFoundation.Python.3.12_qbz5n2kfra8p0\LocalCache\local-packages\Python312\site-packages\langchain_core\runnables\branch.py", line 242, in invoke
    output = self.default.invoke(
             ^^^^^^^^^^^^^^^^^^^^
  File "C:\Users\mahika.singh\AppData\Local\Packages\PythonSoftwareFoundation.Python.3.12_qbz5n2kfra8p0\LocalCache\local-packages\Python312\site-packages\langchain_core\runnables\base.py", line 3022, in invoke
    input = context.run(step.invoke, input, config, **kwargs)
            ^^^^^^^^^^^^^^^^^^^^^^^^^^^^^^^^^^^^^^^^^^^^^^^^^
  File "C:\Users\mahika.singh\AppData\Local\Packages\PythonSoftwareFoundation.Python.3.12_qbz5n2kfra8p0\LocalCache\local-packages\Python312\site-packages\langchain_core\prompts\base.py", line 208, in invoke
    return self._call_with_config(
           ^^^^^^^^^^^^^^^^^^^^^^^
  File "C:\Users\mahika.singh\AppData\Local\Packages\PythonSoftwareFoundation.Python.3.12_qbz5n2kfra8p0\LocalCache\local-packages\Python312\site-packages\langchain_core\runnables\base.py", line 1927, in _call_with_config
    context.run(
  File "C:\Users\mahika.singh\AppData\Local\Packages\PythonSoftwareFoundation.Python.3.12_qbz5n2kfra8p0\LocalCache\local-packages\Python312\site-packages\langchain_core\runnables\config.py", line 396, in call_func_with_variable_args
    return func(input, **kwargs)  # type: ignore[call-arg]
           ^^^^^^^^^^^^^^^^^^^^^
  File "C:\Users\mahika.singh\AppData\Local\Packages\PythonSoftwareFoundation.Python.3.12_qbz5n2kfra8p0\LocalCache\local-packages\Python312\site-packages\langchain_core\prompts\base.py", line 183, in _format_prompt_with_error_handling
    return self.format_prompt(**_inner_input)
           ^^^^^^^^^^^^^^^^^^^^^^^^^^^^^^^^^^
  File "C:\Users\mahika.singh\AppData\Local\Packages\PythonSoftwareFoundation.Python.3.12_qbz5n2kfra8p0\LocalCache\local-packages\Python312\site-packages\langchain_core\prompts\chat.py", line 785, in format_prompt
    messages = self.format_messages(**kwargs)
               ^^^^^^^^^^^^^^^^^^^^^^^^^^^^^^
  File "C:\Users\mahika.singh\AppData\Local\Packages\PythonSoftwareFoundation.Python.3.12_qbz5n2kfra8p0\LocalCache\local-packages\Python312\site-packages\langchain_core\prompts\chat.py", line 1228, in format_messages
    message = message_template.format_messages(**kwargs)
              ^^^^^^^^^^^^^^^^^^^^^^^^^^^^^^^^^^^^^^^^^^
  File "C:\Users\mahika.singh\AppData\Local\Packages\PythonSoftwareFoundation.Python.3.12_qbz5n2kfra8p0\LocalCache\local-packages\Python312\site-packages\langchain_core\prompts\chat.py", line 247, in format_messages
    value = convert_to_messages(value)
            ^^^^^^^^^^^^^^^^^^^^^^^^^^
  File "C:\Users\mahika.singh\AppData\Local\Packages\PythonSoftwareFoundation.Python.3.12_qbz5n2kfra8p0\LocalCache\local-packages\Python312\site-packages\langchain_core\messages\utils.py", line 354, in convert_to_messages
    return [_convert_to_message(m) for m in messages]
            ^^^^^^^^^^^^^^^^^^^^^^
  File "C:\Users\mahika.singh\AppData\Local\Packages\PythonSoftwareFoundation.Python.3.12_qbz5n2kfra8p0\LocalCache\local-packages\Python312\site-packages\langchain_core\messages\utils.py", line 326, in _convert_to_message
    raise ValueError(msg) from e
ValueError: Message dict must contain 'role' and 'content' keys, got {'user': 'hi', 'MolecuLab': "Sorry, I couldn't process that question."}
For troubleshooting, visit: https://python.langchain.com/docs/troubleshooting/errors/MESSAGE_COERCION_FAILURE
2024-10-30 13:17:59,961 - INFO - User Input: hi
2024-10-30 13:18:00,546 - INFO - HTTP Request: POST https://api.openai.com/v1/embeddings "HTTP/1.1 200 OK"
2024-10-30 13:18:00,554 - ERROR - Error in question-answering: no such table: collections
Traceback (most recent call last):
  File "C:\Users\mahika.singh\OneDrive - Tridiagonal Solutions\Personal\My learnings\MolecuLab\bot_backend.py", line 128, in qna
    response = rag_chain.invoke({"input": user_input, "chat_history": chat_history})
               ^^^^^^^^^^^^^^^^^^^^^^^^^^^^^^^^^^^^^^^^^^^^^^^^^^^^^^^^^^^^^^^^^^^^^
  File "C:\Users\mahika.singh\AppData\Local\Packages\PythonSoftwareFoundation.Python.3.12_qbz5n2kfra8p0\LocalCache\local-packages\Python312\site-packages\langchain_core\runnables\base.py", line 5354, in invoke
    return self.bound.invoke(
           ^^^^^^^^^^^^^^^^^^
  File "C:\Users\mahika.singh\AppData\Local\Packages\PythonSoftwareFoundation.Python.3.12_qbz5n2kfra8p0\LocalCache\local-packages\Python312\site-packages\langchain_core\runnables\base.py", line 3022, in invoke
    input = context.run(step.invoke, input, config, **kwargs)
            ^^^^^^^^^^^^^^^^^^^^^^^^^^^^^^^^^^^^^^^^^^^^^^^^^
  File "C:\Users\mahika.singh\AppData\Local\Packages\PythonSoftwareFoundation.Python.3.12_qbz5n2kfra8p0\LocalCache\local-packages\Python312\site-packages\langchain_core\runnables\passthrough.py", line 494, in invoke
    return self._call_with_config(self._invoke, input, config, **kwargs)
           ^^^^^^^^^^^^^^^^^^^^^^^^^^^^^^^^^^^^^^^^^^^^^^^^^^^^^^^^^^^^^
  File "C:\Users\mahika.singh\AppData\Local\Packages\PythonSoftwareFoundation.Python.3.12_qbz5n2kfra8p0\LocalCache\local-packages\Python312\site-packages\langchain_core\runnables\base.py", line 1927, in _call_with_config
    context.run(
  File "C:\Users\mahika.singh\AppData\Local\Packages\PythonSoftwareFoundation.Python.3.12_qbz5n2kfra8p0\LocalCache\local-packages\Python312\site-packages\langchain_core\runnables\config.py", line 396, in call_func_with_variable_args
    return func(input, **kwargs)  # type: ignore[call-arg]
           ^^^^^^^^^^^^^^^^^^^^^
  File "C:\Users\mahika.singh\AppData\Local\Packages\PythonSoftwareFoundation.Python.3.12_qbz5n2kfra8p0\LocalCache\local-packages\Python312\site-packages\langchain_core\runnables\passthrough.py", line 481, in _invoke
    **self.mapper.invoke(
      ^^^^^^^^^^^^^^^^^^^
  File "C:\Users\mahika.singh\AppData\Local\Packages\PythonSoftwareFoundation.Python.3.12_qbz5n2kfra8p0\LocalCache\local-packages\Python312\site-packages\langchain_core\runnables\base.py", line 3727, in invoke
    output = {key: future.result() for key, future in zip(steps, futures)}
                   ^^^^^^^^^^^^^^^
  File "C:\Program Files\WindowsApps\PythonSoftwareFoundation.Python.3.12_3.12.2032.0_x64__qbz5n2kfra8p0\Lib\concurrent\futures\_base.py", line 456, in result
    return self.__get_result()
           ^^^^^^^^^^^^^^^^^^^
  File "C:\Program Files\WindowsApps\PythonSoftwareFoundation.Python.3.12_3.12.2032.0_x64__qbz5n2kfra8p0\Lib\concurrent\futures\_base.py", line 401, in __get_result
    raise self._exception
  File "C:\Program Files\WindowsApps\PythonSoftwareFoundation.Python.3.12_3.12.2032.0_x64__qbz5n2kfra8p0\Lib\concurrent\futures\thread.py", line 58, in run
    result = self.fn(*self.args, **self.kwargs)
             ^^^^^^^^^^^^^^^^^^^^^^^^^^^^^^^^^^
  File "C:\Users\mahika.singh\AppData\Local\Packages\PythonSoftwareFoundation.Python.3.12_qbz5n2kfra8p0\LocalCache\local-packages\Python312\site-packages\langchain_core\runnables\base.py", line 3711, in _invoke_step
    return context.run(
           ^^^^^^^^^^^^
  File "C:\Users\mahika.singh\AppData\Local\Packages\PythonSoftwareFoundation.Python.3.12_qbz5n2kfra8p0\LocalCache\local-packages\Python312\site-packages\langchain_core\runnables\base.py", line 5354, in invoke
    return self.bound.invoke(
           ^^^^^^^^^^^^^^^^^^
  File "C:\Users\mahika.singh\AppData\Local\Packages\PythonSoftwareFoundation.Python.3.12_qbz5n2kfra8p0\LocalCache\local-packages\Python312\site-packages\langchain_core\runnables\branch.py", line 232, in invoke
    output = runnable.invoke(
             ^^^^^^^^^^^^^^^^
  File "C:\Users\mahika.singh\AppData\Local\Packages\PythonSoftwareFoundation.Python.3.12_qbz5n2kfra8p0\LocalCache\local-packages\Python312\site-packages\langchain_core\runnables\base.py", line 3024, in invoke
    input = context.run(step.invoke, input, config)
            ^^^^^^^^^^^^^^^^^^^^^^^^^^^^^^^^^^^^^^^
  File "C:\Users\mahika.singh\AppData\Local\Packages\PythonSoftwareFoundation.Python.3.12_qbz5n2kfra8p0\LocalCache\local-packages\Python312\site-packages\langchain_core\retrievers.py", line 254, in invoke
    raise e
  File "C:\Users\mahika.singh\AppData\Local\Packages\PythonSoftwareFoundation.Python.3.12_qbz5n2kfra8p0\LocalCache\local-packages\Python312\site-packages\langchain_core\retrievers.py", line 247, in invoke
    result = self._get_relevant_documents(
             ^^^^^^^^^^^^^^^^^^^^^^^^^^^^^
  File "C:\Users\mahika.singh\AppData\Local\Packages\PythonSoftwareFoundation.Python.3.12_qbz5n2kfra8p0\LocalCache\local-packages\Python312\site-packages\langchain_core\vectorstores\base.py", line 1080, in _get_relevant_documents
    docs = self.vectorstore.similarity_search(query, **self.search_kwargs)
           ^^^^^^^^^^^^^^^^^^^^^^^^^^^^^^^^^^^^^^^^^^^^^^^^^^^^^^^^^^^^^^^
  File "C:\Users\mahika.singh\AppData\Local\Packages\PythonSoftwareFoundation.Python.3.12_qbz5n2kfra8p0\LocalCache\local-packages\Python312\site-packages\langchain_chroma\vectorstores.py", line 582, in similarity_search
    docs_and_scores = self.similarity_search_with_score(
                      ^^^^^^^^^^^^^^^^^^^^^^^^^^^^^^^^^^
  File "C:\Users\mahika.singh\AppData\Local\Packages\PythonSoftwareFoundation.Python.3.12_qbz5n2kfra8p0\LocalCache\local-packages\Python312\site-packages\langchain_chroma\vectorstores.py", line 680, in similarity_search_with_score
    results = self.__query_collection(
              ^^^^^^^^^^^^^^^^^^^^^^^^
  File "C:\Users\mahika.singh\AppData\Local\Packages\PythonSoftwareFoundation.Python.3.12_qbz5n2kfra8p0\LocalCache\local-packages\Python312\site-packages\langchain_core\utils\utils.py", line 53, in wrapper
    return func(*args, **kwargs)
           ^^^^^^^^^^^^^^^^^^^^^
  File "C:\Users\mahika.singh\AppData\Local\Packages\PythonSoftwareFoundation.Python.3.12_qbz5n2kfra8p0\LocalCache\local-packages\Python312\site-packages\langchain_chroma\vectorstores.py", line 379, in __query_collection
    return self._collection.query(
           ^^^^^^^^^^^^^^^^^^^^^^^
  File "C:\Users\mahika.singh\AppData\Local\Packages\PythonSoftwareFoundation.Python.3.12_qbz5n2kfra8p0\LocalCache\local-packages\Python312\site-packages\chromadb\api\models\Collection.py", line 197, in query
    query_results = self._client._query(
                    ^^^^^^^^^^^^^^^^^^^^
  File "C:\Users\mahika.singh\AppData\Local\Packages\PythonSoftwareFoundation.Python.3.12_qbz5n2kfra8p0\LocalCache\local-packages\Python312\site-packages\chromadb\telemetry\opentelemetry\__init__.py", line 146, in wrapper
    return f(*args, **kwargs)
           ^^^^^^^^^^^^^^^^^^
  File "C:\Users\mahika.singh\AppData\Local\Packages\PythonSoftwareFoundation.Python.3.12_qbz5n2kfra8p0\LocalCache\local-packages\Python312\site-packages\tenacity\__init__.py", line 336, in wrapped_f
    return copy(f, *args, **kw)
           ^^^^^^^^^^^^^^^^^^^^
  File "C:\Users\mahika.singh\AppData\Local\Packages\PythonSoftwareFoundation.Python.3.12_qbz5n2kfra8p0\LocalCache\local-packages\Python312\site-packages\tenacity\__init__.py", line 475, in __call__
    do = self.iter(retry_state=retry_state)
         ^^^^^^^^^^^^^^^^^^^^^^^^^^^^^^^^^^
  File "C:\Users\mahika.singh\AppData\Local\Packages\PythonSoftwareFoundation.Python.3.12_qbz5n2kfra8p0\LocalCache\local-packages\Python312\site-packages\tenacity\__init__.py", line 376, in iter
    result = action(retry_state)
             ^^^^^^^^^^^^^^^^^^^
  File "C:\Users\mahika.singh\AppData\Local\Packages\PythonSoftwareFoundation.Python.3.12_qbz5n2kfra8p0\LocalCache\local-packages\Python312\site-packages\tenacity\__init__.py", line 398, in <lambda>
    self._add_action_func(lambda rs: rs.outcome.result())
                                     ^^^^^^^^^^^^^^^^^^^
  File "C:\Program Files\WindowsApps\PythonSoftwareFoundation.Python.3.12_3.12.2032.0_x64__qbz5n2kfra8p0\Lib\concurrent\futures\_base.py", line 449, in result
    return self.__get_result()
           ^^^^^^^^^^^^^^^^^^^
  File "C:\Program Files\WindowsApps\PythonSoftwareFoundation.Python.3.12_3.12.2032.0_x64__qbz5n2kfra8p0\Lib\concurrent\futures\_base.py", line 401, in __get_result
    raise self._exception
  File "C:\Users\mahika.singh\AppData\Local\Packages\PythonSoftwareFoundation.Python.3.12_qbz5n2kfra8p0\LocalCache\local-packages\Python312\site-packages\tenacity\__init__.py", line 478, in __call__
    result = fn(*args, **kwargs)
             ^^^^^^^^^^^^^^^^^^^
  File "C:\Users\mahika.singh\AppData\Local\Packages\PythonSoftwareFoundation.Python.3.12_qbz5n2kfra8p0\LocalCache\local-packages\Python312\site-packages\chromadb\api\segment.py", line 675, in _query
    coll = self._get_collection(collection_id)
           ^^^^^^^^^^^^^^^^^^^^^^^^^^^^^^^^^^^
  File "C:\Users\mahika.singh\AppData\Local\Packages\PythonSoftwareFoundation.Python.3.12_qbz5n2kfra8p0\LocalCache\local-packages\Python312\site-packages\chromadb\telemetry\opentelemetry\__init__.py", line 146, in wrapper
    return f(*args, **kwargs)
           ^^^^^^^^^^^^^^^^^^
  File "C:\Users\mahika.singh\AppData\Local\Packages\PythonSoftwareFoundation.Python.3.12_qbz5n2kfra8p0\LocalCache\local-packages\Python312\site-packages\chromadb\api\segment.py", line 759, in _get_collection
    collections = self._sysdb.get_collections(id=collection_id)
                  ^^^^^^^^^^^^^^^^^^^^^^^^^^^^^^^^^^^^^^^^^^^^^
  File "C:\Users\mahika.singh\AppData\Local\Packages\PythonSoftwareFoundation.Python.3.12_qbz5n2kfra8p0\LocalCache\local-packages\Python312\site-packages\chromadb\telemetry\opentelemetry\__init__.py", line 146, in wrapper
    return f(*args, **kwargs)
           ^^^^^^^^^^^^^^^^^^
  File "C:\Users\mahika.singh\AppData\Local\Packages\PythonSoftwareFoundation.Python.3.12_qbz5n2kfra8p0\LocalCache\local-packages\Python312\site-packages\chromadb\db\mixins\sysdb.py", line 422, in get_collections
    rows = cur.execute(sql, params).fetchall()
           ^^^^^^^^^^^^^^^^^^^^^^^^
sqlite3.OperationalError: no such table: collections
2024-10-30 13:21:05,296 - INFO - Loaded 14 documents from Database\Appendix.pdf.
2024-10-30 13:21:06,220 - INFO - Loaded 12 documents from Database\class 11 part- I.pdf.
2024-10-30 13:21:06,415 - INFO - Loaded 10 documents from Database\class 11 part- II.pdf.
2024-10-30 13:21:09,006 - INFO - Loaded 28 documents from Database\class 11 Unit 1.pdf.
2024-10-30 13:21:14,457 - INFO - Loaded 45 documents from Database\class 11 Unit 2.pdf.
2024-10-30 13:21:17,214 - INFO - Loaded 26 documents from Database\class 11 Unit 3.pdf.
2024-10-30 13:21:39,508 - INFO - Loaded 14 documents from Database\Appendix.pdf.
2024-10-30 13:21:40,422 - INFO - Loaded 12 documents from Database\class 11 part- I.pdf.
2024-10-30 13:21:40,622 - INFO - Loaded 10 documents from Database\class 11 part- II.pdf.
2024-10-30 13:21:43,245 - INFO - Loaded 28 documents from Database\class 11 Unit 1.pdf.
2024-10-30 13:21:48,864 - INFO - Loaded 45 documents from Database\class 11 Unit 2.pdf.
2024-10-30 13:21:51,523 - INFO - Loaded 26 documents from Database\class 11 Unit 3.pdf.
2024-10-30 13:21:58,188 - INFO - Loaded 36 documents from Database\class 11 Unit 4.pdf.
2024-10-30 13:22:02,355 - INFO - Loaded 32 documents from Database\class 11 Unit 5.pdf.
2024-10-30 13:22:06,386 - INFO - Loaded 47 documents from Database\class 11 Unit 6.pdf.
2024-10-30 13:22:07,446 - INFO - Loaded 21 documents from Database\class 11 Unit 7.pdf.
2024-10-30 13:22:25,514 - INFO - Loaded 14 documents from Database\Appendix.pdf.
2024-10-30 13:22:26,989 - INFO - Loaded 12 documents from Database\class 11 part- I.pdf.
2024-10-30 13:22:27,443 - INFO - Loaded 10 documents from Database\class 11 part- II.pdf.
2024-10-30 13:22:32,146 - INFO - Loaded 28 documents from Database\class 11 Unit 1.pdf.
2024-10-30 13:22:41,789 - INFO - Loaded 45 documents from Database\class 11 Unit 2.pdf.
2024-10-30 13:22:46,865 - INFO - Loaded 26 documents from Database\class 11 Unit 3.pdf.
2024-10-30 13:22:58,891 - INFO - Loaded 36 documents from Database\class 11 Unit 4.pdf.
2024-10-30 13:23:06,198 - INFO - Loaded 32 documents from Database\class 11 Unit 5.pdf.
2024-10-30 13:23:13,022 - INFO - Loaded 47 documents from Database\class 11 Unit 6.pdf.
2024-10-30 13:23:14,850 - INFO - Loaded 21 documents from Database\class 11 Unit 7.pdf.
2024-10-30 13:23:22,872 - INFO - Loaded 39 documents from Database\class 11 Unit 8.pdf.
2024-10-30 13:23:27,970 - INFO - Loaded 33 documents from Database\class 11 Unit 9.pdf.
2024-10-30 13:23:30,330 - INFO - Loaded 14 documents from Database\class 12 part- I.pdf.
2024-10-30 13:23:31,311 - INFO - Loaded 14 documents from Database\class 12 part- II.pdf.
2024-10-30 13:23:41,944 - INFO - Loaded 30 documents from Database\Unit 1.pdf.
2024-10-30 13:23:46,254 - INFO - Loaded 22 documents from Database\Unit 10.pdf.
2024-10-30 13:23:52,901 - INFO - Loaded 30 documents from Database\Unit 2.pdf.
2024-10-30 13:23:54,771 - INFO - Loaded 28 documents from Database\Unit 3.pdf.
2024-10-30 13:23:59,677 - INFO - Loaded 29 documents from Database\Unit 4.pdf.
2024-10-30 13:24:02,626 - INFO - Loaded 23 documents from Database\Unit 5.pdf.
2024-10-30 13:24:07,559 - INFO - Loaded 34 documents from Database\Unit 6.pdf.
2024-10-30 13:24:12,518 - INFO - Loaded 34 documents from Database\Unit 7.pdf.
2024-10-30 13:24:18,887 - INFO - Loaded 32 documents from Database\Unit 8.pdf.
2024-10-30 13:24:22,069 - INFO - Loaded 22 documents from Database\Unit 9.pdf.
2024-10-30 13:24:22,133 - INFO - Anonymized telemetry enabled. See                     https://docs.trychroma.com/telemetry for more information.
2024-10-30 13:24:22,465 - INFO - Added 166 documents to vector store.
2024-10-30 13:24:26,951 - INFO - HTTP Request: POST https://api.openai.com/v1/embeddings "HTTP/1.1 200 OK"
2024-10-30 13:24:28,894 - INFO - Added 166 documents to vector store.
2024-10-30 13:24:32,568 - INFO - HTTP Request: POST https://api.openai.com/v1/embeddings "HTTP/1.1 200 OK"
2024-10-30 13:24:34,283 - INFO - Added 166 documents to vector store.
2024-10-30 13:24:37,305 - INFO - HTTP Request: POST https://api.openai.com/v1/embeddings "HTTP/1.1 200 OK"
2024-10-30 13:24:39,233 - INFO - Added 166 documents to vector store.
2024-10-30 13:24:42,355 - INFO - HTTP Request: POST https://api.openai.com/v1/embeddings "HTTP/1.1 200 OK"
2024-10-30 13:24:44,343 - INFO - Added 166 documents to vector store.
2024-10-30 13:24:47,344 - INFO - HTTP Request: POST https://api.openai.com/v1/embeddings "HTTP/1.1 200 OK"
2024-10-30 13:24:49,290 - INFO - Added 166 documents to vector store.
2024-10-30 13:24:53,229 - INFO - HTTP Request: POST https://api.openai.com/v1/embeddings "HTTP/1.1 200 OK"
2024-10-30 13:24:55,153 - INFO - Added 166 documents to vector store.
2024-10-30 13:24:57,050 - INFO - HTTP Request: POST https://api.openai.com/v1/embeddings "HTTP/1.1 200 OK"
2024-10-30 13:24:58,773 - INFO - Added 166 documents to vector store.
2024-10-30 13:25:00,887 - INFO - HTTP Request: POST https://api.openai.com/v1/embeddings "HTTP/1.1 200 OK"
2024-10-30 13:25:02,902 - INFO - Added 166 documents to vector store.
2024-10-30 13:25:04,264 - INFO - HTTP Request: POST https://api.openai.com/v1/embeddings "HTTP/1.1 200 OK"
2024-10-30 13:25:06,218 - INFO - Added 166 documents to vector store.
2024-10-30 13:25:08,086 - INFO - HTTP Request: POST https://api.openai.com/v1/embeddings "HTTP/1.1 200 OK"
2024-10-30 13:25:09,807 - INFO - Added 166 documents to vector store.
2024-10-30 13:25:12,424 - INFO - HTTP Request: POST https://api.openai.com/v1/embeddings "HTTP/1.1 200 OK"
2024-10-30 13:25:14,152 - INFO - Added 166 documents to vector store.
2024-10-30 13:25:17,097 - INFO - HTTP Request: POST https://api.openai.com/v1/embeddings "HTTP/1.1 200 OK"
2024-10-30 13:25:19,069 - INFO - Added 96 documents to vector store.
2024-10-30 13:25:20,108 - INFO - HTTP Request: POST https://api.openai.com/v1/embeddings "HTTP/1.1 200 OK"
2024-10-30 13:25:21,793 - INFO - User Input: hi
2024-10-30 13:25:22,242 - INFO - HTTP Request: POST https://api.openai.com/v1/embeddings "HTTP/1.1 200 OK"
2024-10-30 13:25:24,102 - INFO - HTTP Request: POST https://api.openai.com/v1/chat/completions "HTTP/1.1 200 OK"
2024-10-30 13:25:44,942 - INFO - User Input: hi
2024-10-30 13:25:45,459 - INFO - HTTP Request: POST https://api.openai.com/v1/embeddings "HTTP/1.1 200 OK"
2024-10-30 13:25:45,463 - ERROR - Error in question-answering: no such table: collections
Traceback (most recent call last):
  File "C:\Users\mahika.singh\OneDrive - Tridiagonal Solutions\Personal\My learnings\MolecuLab\bot_backend.py", line 129, in qna
    response = rag_chain.invoke({"input": user_input, "chat_history": chat_history})
               ^^^^^^^^^^^^^^^^^^^^^^^^^^^^^^^^^^^^^^^^^^^^^^^^^^^^^^^^^^^^^^^^^^^^^
  File "C:\Users\mahika.singh\AppData\Local\Packages\PythonSoftwareFoundation.Python.3.12_qbz5n2kfra8p0\LocalCache\local-packages\Python312\site-packages\langchain_core\runnables\base.py", line 5354, in invoke
    return self.bound.invoke(
           ^^^^^^^^^^^^^^^^^^
  File "C:\Users\mahika.singh\AppData\Local\Packages\PythonSoftwareFoundation.Python.3.12_qbz5n2kfra8p0\LocalCache\local-packages\Python312\site-packages\langchain_core\runnables\base.py", line 3022, in invoke
    input = context.run(step.invoke, input, config, **kwargs)
            ^^^^^^^^^^^^^^^^^^^^^^^^^^^^^^^^^^^^^^^^^^^^^^^^^
  File "C:\Users\mahika.singh\AppData\Local\Packages\PythonSoftwareFoundation.Python.3.12_qbz5n2kfra8p0\LocalCache\local-packages\Python312\site-packages\langchain_core\runnables\passthrough.py", line 494, in invoke
    return self._call_with_config(self._invoke, input, config, **kwargs)
           ^^^^^^^^^^^^^^^^^^^^^^^^^^^^^^^^^^^^^^^^^^^^^^^^^^^^^^^^^^^^^
  File "C:\Users\mahika.singh\AppData\Local\Packages\PythonSoftwareFoundation.Python.3.12_qbz5n2kfra8p0\LocalCache\local-packages\Python312\site-packages\langchain_core\runnables\base.py", line 1927, in _call_with_config
    context.run(
  File "C:\Users\mahika.singh\AppData\Local\Packages\PythonSoftwareFoundation.Python.3.12_qbz5n2kfra8p0\LocalCache\local-packages\Python312\site-packages\langchain_core\runnables\config.py", line 396, in call_func_with_variable_args
    return func(input, **kwargs)  # type: ignore[call-arg]
           ^^^^^^^^^^^^^^^^^^^^^
  File "C:\Users\mahika.singh\AppData\Local\Packages\PythonSoftwareFoundation.Python.3.12_qbz5n2kfra8p0\LocalCache\local-packages\Python312\site-packages\langchain_core\runnables\passthrough.py", line 481, in _invoke
    **self.mapper.invoke(
      ^^^^^^^^^^^^^^^^^^^
  File "C:\Users\mahika.singh\AppData\Local\Packages\PythonSoftwareFoundation.Python.3.12_qbz5n2kfra8p0\LocalCache\local-packages\Python312\site-packages\langchain_core\runnables\base.py", line 3727, in invoke
    output = {key: future.result() for key, future in zip(steps, futures)}
                   ^^^^^^^^^^^^^^^
  File "C:\Program Files\WindowsApps\PythonSoftwareFoundation.Python.3.12_3.12.2032.0_x64__qbz5n2kfra8p0\Lib\concurrent\futures\_base.py", line 456, in result
    return self.__get_result()
           ^^^^^^^^^^^^^^^^^^^
  File "C:\Program Files\WindowsApps\PythonSoftwareFoundation.Python.3.12_3.12.2032.0_x64__qbz5n2kfra8p0\Lib\concurrent\futures\_base.py", line 401, in __get_result
    raise self._exception
  File "C:\Program Files\WindowsApps\PythonSoftwareFoundation.Python.3.12_3.12.2032.0_x64__qbz5n2kfra8p0\Lib\concurrent\futures\thread.py", line 58, in run
    result = self.fn(*self.args, **self.kwargs)
             ^^^^^^^^^^^^^^^^^^^^^^^^^^^^^^^^^^
  File "C:\Users\mahika.singh\AppData\Local\Packages\PythonSoftwareFoundation.Python.3.12_qbz5n2kfra8p0\LocalCache\local-packages\Python312\site-packages\langchain_core\runnables\base.py", line 3711, in _invoke_step
    return context.run(
           ^^^^^^^^^^^^
  File "C:\Users\mahika.singh\AppData\Local\Packages\PythonSoftwareFoundation.Python.3.12_qbz5n2kfra8p0\LocalCache\local-packages\Python312\site-packages\langchain_core\runnables\base.py", line 5354, in invoke
    return self.bound.invoke(
           ^^^^^^^^^^^^^^^^^^
  File "C:\Users\mahika.singh\AppData\Local\Packages\PythonSoftwareFoundation.Python.3.12_qbz5n2kfra8p0\LocalCache\local-packages\Python312\site-packages\langchain_core\runnables\branch.py", line 232, in invoke
    output = runnable.invoke(
             ^^^^^^^^^^^^^^^^
  File "C:\Users\mahika.singh\AppData\Local\Packages\PythonSoftwareFoundation.Python.3.12_qbz5n2kfra8p0\LocalCache\local-packages\Python312\site-packages\langchain_core\runnables\base.py", line 3024, in invoke
    input = context.run(step.invoke, input, config)
            ^^^^^^^^^^^^^^^^^^^^^^^^^^^^^^^^^^^^^^^
  File "C:\Users\mahika.singh\AppData\Local\Packages\PythonSoftwareFoundation.Python.3.12_qbz5n2kfra8p0\LocalCache\local-packages\Python312\site-packages\langchain_core\retrievers.py", line 254, in invoke
    raise e
  File "C:\Users\mahika.singh\AppData\Local\Packages\PythonSoftwareFoundation.Python.3.12_qbz5n2kfra8p0\LocalCache\local-packages\Python312\site-packages\langchain_core\retrievers.py", line 247, in invoke
    result = self._get_relevant_documents(
             ^^^^^^^^^^^^^^^^^^^^^^^^^^^^^
  File "C:\Users\mahika.singh\AppData\Local\Packages\PythonSoftwareFoundation.Python.3.12_qbz5n2kfra8p0\LocalCache\local-packages\Python312\site-packages\langchain_core\vectorstores\base.py", line 1080, in _get_relevant_documents
    docs = self.vectorstore.similarity_search(query, **self.search_kwargs)
           ^^^^^^^^^^^^^^^^^^^^^^^^^^^^^^^^^^^^^^^^^^^^^^^^^^^^^^^^^^^^^^^
  File "C:\Users\mahika.singh\AppData\Local\Packages\PythonSoftwareFoundation.Python.3.12_qbz5n2kfra8p0\LocalCache\local-packages\Python312\site-packages\langchain_chroma\vectorstores.py", line 582, in similarity_search
    docs_and_scores = self.similarity_search_with_score(
                      ^^^^^^^^^^^^^^^^^^^^^^^^^^^^^^^^^^
  File "C:\Users\mahika.singh\AppData\Local\Packages\PythonSoftwareFoundation.Python.3.12_qbz5n2kfra8p0\LocalCache\local-packages\Python312\site-packages\langchain_chroma\vectorstores.py", line 680, in similarity_search_with_score
    results = self.__query_collection(
              ^^^^^^^^^^^^^^^^^^^^^^^^
  File "C:\Users\mahika.singh\AppData\Local\Packages\PythonSoftwareFoundation.Python.3.12_qbz5n2kfra8p0\LocalCache\local-packages\Python312\site-packages\langchain_core\utils\utils.py", line 53, in wrapper
    return func(*args, **kwargs)
           ^^^^^^^^^^^^^^^^^^^^^
  File "C:\Users\mahika.singh\AppData\Local\Packages\PythonSoftwareFoundation.Python.3.12_qbz5n2kfra8p0\LocalCache\local-packages\Python312\site-packages\langchain_chroma\vectorstores.py", line 379, in __query_collection
    return self._collection.query(
           ^^^^^^^^^^^^^^^^^^^^^^^
  File "C:\Users\mahika.singh\AppData\Local\Packages\PythonSoftwareFoundation.Python.3.12_qbz5n2kfra8p0\LocalCache\local-packages\Python312\site-packages\chromadb\api\models\Collection.py", line 197, in query
    query_results = self._client._query(
                    ^^^^^^^^^^^^^^^^^^^^
  File "C:\Users\mahika.singh\AppData\Local\Packages\PythonSoftwareFoundation.Python.3.12_qbz5n2kfra8p0\LocalCache\local-packages\Python312\site-packages\chromadb\telemetry\opentelemetry\__init__.py", line 146, in wrapper
    return f(*args, **kwargs)
           ^^^^^^^^^^^^^^^^^^
  File "C:\Users\mahika.singh\AppData\Local\Packages\PythonSoftwareFoundation.Python.3.12_qbz5n2kfra8p0\LocalCache\local-packages\Python312\site-packages\tenacity\__init__.py", line 336, in wrapped_f
    return copy(f, *args, **kw)
           ^^^^^^^^^^^^^^^^^^^^
  File "C:\Users\mahika.singh\AppData\Local\Packages\PythonSoftwareFoundation.Python.3.12_qbz5n2kfra8p0\LocalCache\local-packages\Python312\site-packages\tenacity\__init__.py", line 475, in __call__
    do = self.iter(retry_state=retry_state)
         ^^^^^^^^^^^^^^^^^^^^^^^^^^^^^^^^^^
  File "C:\Users\mahika.singh\AppData\Local\Packages\PythonSoftwareFoundation.Python.3.12_qbz5n2kfra8p0\LocalCache\local-packages\Python312\site-packages\tenacity\__init__.py", line 376, in iter
    result = action(retry_state)
             ^^^^^^^^^^^^^^^^^^^
  File "C:\Users\mahika.singh\AppData\Local\Packages\PythonSoftwareFoundation.Python.3.12_qbz5n2kfra8p0\LocalCache\local-packages\Python312\site-packages\tenacity\__init__.py", line 398, in <lambda>
    self._add_action_func(lambda rs: rs.outcome.result())
                                     ^^^^^^^^^^^^^^^^^^^
  File "C:\Program Files\WindowsApps\PythonSoftwareFoundation.Python.3.12_3.12.2032.0_x64__qbz5n2kfra8p0\Lib\concurrent\futures\_base.py", line 449, in result
    return self.__get_result()
           ^^^^^^^^^^^^^^^^^^^
  File "C:\Program Files\WindowsApps\PythonSoftwareFoundation.Python.3.12_3.12.2032.0_x64__qbz5n2kfra8p0\Lib\concurrent\futures\_base.py", line 401, in __get_result
    raise self._exception
  File "C:\Users\mahika.singh\AppData\Local\Packages\PythonSoftwareFoundation.Python.3.12_qbz5n2kfra8p0\LocalCache\local-packages\Python312\site-packages\tenacity\__init__.py", line 478, in __call__
    result = fn(*args, **kwargs)
             ^^^^^^^^^^^^^^^^^^^
  File "C:\Users\mahika.singh\AppData\Local\Packages\PythonSoftwareFoundation.Python.3.12_qbz5n2kfra8p0\LocalCache\local-packages\Python312\site-packages\chromadb\api\segment.py", line 675, in _query
    coll = self._get_collection(collection_id)
           ^^^^^^^^^^^^^^^^^^^^^^^^^^^^^^^^^^^
  File "C:\Users\mahika.singh\AppData\Local\Packages\PythonSoftwareFoundation.Python.3.12_qbz5n2kfra8p0\LocalCache\local-packages\Python312\site-packages\chromadb\telemetry\opentelemetry\__init__.py", line 146, in wrapper
    return f(*args, **kwargs)
           ^^^^^^^^^^^^^^^^^^
  File "C:\Users\mahika.singh\AppData\Local\Packages\PythonSoftwareFoundation.Python.3.12_qbz5n2kfra8p0\LocalCache\local-packages\Python312\site-packages\chromadb\api\segment.py", line 759, in _get_collection
    collections = self._sysdb.get_collections(id=collection_id)
                  ^^^^^^^^^^^^^^^^^^^^^^^^^^^^^^^^^^^^^^^^^^^^^
  File "C:\Users\mahika.singh\AppData\Local\Packages\PythonSoftwareFoundation.Python.3.12_qbz5n2kfra8p0\LocalCache\local-packages\Python312\site-packages\chromadb\telemetry\opentelemetry\__init__.py", line 146, in wrapper
    return f(*args, **kwargs)
           ^^^^^^^^^^^^^^^^^^
  File "C:\Users\mahika.singh\AppData\Local\Packages\PythonSoftwareFoundation.Python.3.12_qbz5n2kfra8p0\LocalCache\local-packages\Python312\site-packages\chromadb\db\mixins\sysdb.py", line 422, in get_collections
    rows = cur.execute(sql, params).fetchall()
           ^^^^^^^^^^^^^^^^^^^^^^^^
sqlite3.OperationalError: no such table: collections
2024-11-02 19:17:26,448 - INFO - Loaded 392 documents from Database\Manual_Goods_2024.pdf.
2024-11-02 19:17:26,585 - INFO - Anonymized telemetry enabled. See                     https://docs.trychroma.com/telemetry for more information.
2024-11-02 19:17:27,053 - INFO - Added 166 documents to vector store.
2024-11-02 19:17:30,493 - INFO - HTTP Request: POST https://api.openai.com/v1/embeddings "HTTP/1.1 200 OK"
2024-11-02 19:17:32,187 - INFO - Added 166 documents to vector store.
2024-11-02 19:17:34,383 - INFO - HTTP Request: POST https://api.openai.com/v1/embeddings "HTTP/1.1 200 OK"
2024-11-02 19:17:35,544 - INFO - Added 166 documents to vector store.
2024-11-02 19:17:39,296 - INFO - HTTP Request: POST https://api.openai.com/v1/embeddings "HTTP/1.1 200 OK"
2024-11-02 19:17:41,258 - INFO - Added 166 documents to vector store.
2024-11-02 19:17:43,475 - INFO - HTTP Request: POST https://api.openai.com/v1/embeddings "HTTP/1.1 200 OK"
2024-11-02 19:17:45,175 - INFO - Added 166 documents to vector store.
2024-11-02 19:17:48,258 - INFO - HTTP Request: POST https://api.openai.com/v1/embeddings "HTTP/1.1 200 OK"
2024-11-02 19:17:50,251 - INFO - Added 166 documents to vector store.
2024-11-02 19:17:53,196 - INFO - HTTP Request: POST https://api.openai.com/v1/embeddings "HTTP/1.1 200 OK"
2024-11-02 19:17:55,173 - INFO - Added 166 documents to vector store.
2024-11-02 19:17:57,080 - INFO - HTTP Request: POST https://api.openai.com/v1/embeddings "HTTP/1.1 200 OK"
2024-11-02 19:17:58,859 - INFO - Added 166 documents to vector store.
2024-11-02 19:18:01,524 - INFO - HTTP Request: POST https://api.openai.com/v1/embeddings "HTTP/1.1 200 OK"
2024-11-02 19:18:03,667 - INFO - Added 166 documents to vector store.
2024-11-02 19:18:05,743 - INFO - HTTP Request: POST https://api.openai.com/v1/embeddings "HTTP/1.1 200 OK"
2024-11-02 19:18:07,459 - INFO - Added 166 documents to vector store.
2024-11-02 19:18:09,593 - INFO - HTTP Request: POST https://api.openai.com/v1/embeddings "HTTP/1.1 200 OK"
2024-11-02 19:18:11,472 - INFO - Added 166 documents to vector store.
2024-11-02 19:18:13,588 - INFO - HTTP Request: POST https://api.openai.com/v1/embeddings "HTTP/1.1 200 OK"
2024-11-02 19:18:15,542 - INFO - Added 166 documents to vector store.
2024-11-02 19:18:18,994 - INFO - HTTP Request: POST https://api.openai.com/v1/embeddings "HTTP/1.1 200 OK"
2024-11-02 19:18:20,975 - INFO - Added 166 documents to vector store.
2024-11-02 19:18:23,358 - INFO - HTTP Request: POST https://api.openai.com/v1/embeddings "HTTP/1.1 200 OK"
2024-11-02 19:18:25,153 - INFO - Added 165 documents to vector store.
2024-11-02 19:18:27,276 - INFO - HTTP Request: POST https://api.openai.com/v1/embeddings "HTTP/1.1 200 OK"
2024-11-02 19:19:11,569 - INFO - Loaded 392 documents from Database\Manual_Goods_2024.pdf.
2024-11-02 19:19:11,694 - INFO - Anonymized telemetry enabled. See                     https://docs.trychroma.com/telemetry for more information.
2024-11-02 19:19:11,971 - INFO - Added 166 documents to vector store.
2024-11-02 19:19:15,083 - INFO - HTTP Request: POST https://api.openai.com/v1/embeddings "HTTP/1.1 200 OK"
2024-11-02 19:19:17,126 - INFO - Added 166 documents to vector store.
2024-11-02 19:19:18,222 - INFO - HTTP Request: POST https://api.openai.com/v1/embeddings "HTTP/1.1 200 OK"
2024-11-02 19:19:20,255 - INFO - Added 166 documents to vector store.
2024-11-02 19:19:22,533 - INFO - HTTP Request: POST https://api.openai.com/v1/embeddings "HTTP/1.1 200 OK"
2024-11-02 19:19:24,232 - INFO - Added 166 documents to vector store.
2024-11-02 19:19:26,794 - INFO - HTTP Request: POST https://api.openai.com/v1/embeddings "HTTP/1.1 200 OK"
2024-11-02 19:19:28,893 - INFO - Added 166 documents to vector store.
2024-11-02 19:19:31,919 - INFO - HTTP Request: POST https://api.openai.com/v1/embeddings "HTTP/1.1 200 OK"
2024-11-02 19:19:33,845 - INFO - Added 166 documents to vector store.
2024-11-02 19:19:36,437 - INFO - HTTP Request: POST https://api.openai.com/v1/embeddings "HTTP/1.1 200 OK"
2024-11-02 19:19:38,131 - INFO - Added 166 documents to vector store.
2024-11-02 19:19:40,310 - INFO - HTTP Request: POST https://api.openai.com/v1/embeddings "HTTP/1.1 200 OK"
2024-11-02 19:19:42,340 - INFO - Added 166 documents to vector store.
2024-11-02 19:19:44,610 - INFO - HTTP Request: POST https://api.openai.com/v1/embeddings "HTTP/1.1 200 OK"
2024-11-02 19:19:46,318 - INFO - Added 166 documents to vector store.
2024-11-02 19:19:48,157 - INFO - HTTP Request: POST https://api.openai.com/v1/embeddings "HTTP/1.1 200 OK"
2024-11-02 19:19:50,145 - INFO - Added 166 documents to vector store.
2024-11-02 19:19:52,839 - INFO - HTTP Request: POST https://api.openai.com/v1/embeddings "HTTP/1.1 200 OK"
2024-11-02 19:19:54,837 - INFO - Added 166 documents to vector store.
2024-11-02 19:19:58,051 - INFO - HTTP Request: POST https://api.openai.com/v1/embeddings "HTTP/1.1 200 OK"
2024-11-02 19:19:59,788 - INFO - Added 166 documents to vector store.
2024-11-02 19:20:01,629 - INFO - HTTP Request: POST https://api.openai.com/v1/embeddings "HTTP/1.1 200 OK"
2024-11-02 19:20:03,341 - INFO - Added 166 documents to vector store.
2024-11-02 19:20:04,853 - INFO - HTTP Request: POST https://api.openai.com/v1/embeddings "HTTP/1.1 200 OK"
2024-11-02 19:20:06,707 - INFO - Added 165 documents to vector store.
2024-11-02 19:20:09,736 - INFO - HTTP Request: POST https://api.openai.com/v1/embeddings "HTTP/1.1 200 OK"
2024-11-02 19:20:38,937 - INFO - User Input: Hi
2024-11-02 19:20:39,499 - INFO - HTTP Request: POST https://api.openai.com/v1/embeddings "HTTP/1.1 200 OK"
2024-11-02 19:20:39,506 - ERROR - Error in question-answering: no such table: collections
Traceback (most recent call last):
  File "C:\Users\mahika.singh\OneDrive - Tridiagonal Solutions\Personal\My learnings\MolecuLab\bot_backend.py", line 129, in qna
    response = rag_chain.invoke({"input": user_input, "chat_history": chat_history})
               ^^^^^^^^^^^^^^^^^^^^^^^^^^^^^^^^^^^^^^^^^^^^^^^^^^^^^^^^^^^^^^^^^^^^^
  File "C:\Users\mahika.singh\AppData\Local\Packages\PythonSoftwareFoundation.Python.3.12_qbz5n2kfra8p0\LocalCache\local-packages\Python312\site-packages\langchain_core\runnables\base.py", line 5354, in invoke
    return self.bound.invoke(
           ^^^^^^^^^^^^^^^^^^
  File "C:\Users\mahika.singh\AppData\Local\Packages\PythonSoftwareFoundation.Python.3.12_qbz5n2kfra8p0\LocalCache\local-packages\Python312\site-packages\langchain_core\runnables\base.py", line 3022, in invoke
    input = context.run(step.invoke, input, config, **kwargs)
            ^^^^^^^^^^^^^^^^^^^^^^^^^^^^^^^^^^^^^^^^^^^^^^^^^
  File "C:\Users\mahika.singh\AppData\Local\Packages\PythonSoftwareFoundation.Python.3.12_qbz5n2kfra8p0\LocalCache\local-packages\Python312\site-packages\langchain_core\runnables\passthrough.py", line 494, in invoke
    return self._call_with_config(self._invoke, input, config, **kwargs)
           ^^^^^^^^^^^^^^^^^^^^^^^^^^^^^^^^^^^^^^^^^^^^^^^^^^^^^^^^^^^^^
  File "C:\Users\mahika.singh\AppData\Local\Packages\PythonSoftwareFoundation.Python.3.12_qbz5n2kfra8p0\LocalCache\local-packages\Python312\site-packages\langchain_core\runnables\base.py", line 1927, in _call_with_config
    context.run(
  File "C:\Users\mahika.singh\AppData\Local\Packages\PythonSoftwareFoundation.Python.3.12_qbz5n2kfra8p0\LocalCache\local-packages\Python312\site-packages\langchain_core\runnables\config.py", line 396, in call_func_with_variable_args
    return func(input, **kwargs)  # type: ignore[call-arg]
           ^^^^^^^^^^^^^^^^^^^^^
  File "C:\Users\mahika.singh\AppData\Local\Packages\PythonSoftwareFoundation.Python.3.12_qbz5n2kfra8p0\LocalCache\local-packages\Python312\site-packages\langchain_core\runnables\passthrough.py", line 481, in _invoke
    **self.mapper.invoke(
      ^^^^^^^^^^^^^^^^^^^
  File "C:\Users\mahika.singh\AppData\Local\Packages\PythonSoftwareFoundation.Python.3.12_qbz5n2kfra8p0\LocalCache\local-packages\Python312\site-packages\langchain_core\runnables\base.py", line 3727, in invoke
    output = {key: future.result() for key, future in zip(steps, futures)}
                   ^^^^^^^^^^^^^^^
  File "C:\Program Files\WindowsApps\PythonSoftwareFoundation.Python.3.12_3.12.2032.0_x64__qbz5n2kfra8p0\Lib\concurrent\futures\_base.py", line 456, in result
    return self.__get_result()
           ^^^^^^^^^^^^^^^^^^^
  File "C:\Program Files\WindowsApps\PythonSoftwareFoundation.Python.3.12_3.12.2032.0_x64__qbz5n2kfra8p0\Lib\concurrent\futures\_base.py", line 401, in __get_result
    raise self._exception
  File "C:\Program Files\WindowsApps\PythonSoftwareFoundation.Python.3.12_3.12.2032.0_x64__qbz5n2kfra8p0\Lib\concurrent\futures\thread.py", line 58, in run
    result = self.fn(*self.args, **self.kwargs)
             ^^^^^^^^^^^^^^^^^^^^^^^^^^^^^^^^^^
  File "C:\Users\mahika.singh\AppData\Local\Packages\PythonSoftwareFoundation.Python.3.12_qbz5n2kfra8p0\LocalCache\local-packages\Python312\site-packages\langchain_core\runnables\base.py", line 3711, in _invoke_step
    return context.run(
           ^^^^^^^^^^^^
  File "C:\Users\mahika.singh\AppData\Local\Packages\PythonSoftwareFoundation.Python.3.12_qbz5n2kfra8p0\LocalCache\local-packages\Python312\site-packages\langchain_core\runnables\base.py", line 5354, in invoke
    return self.bound.invoke(
           ^^^^^^^^^^^^^^^^^^
  File "C:\Users\mahika.singh\AppData\Local\Packages\PythonSoftwareFoundation.Python.3.12_qbz5n2kfra8p0\LocalCache\local-packages\Python312\site-packages\langchain_core\runnables\branch.py", line 232, in invoke
    output = runnable.invoke(
             ^^^^^^^^^^^^^^^^
  File "C:\Users\mahika.singh\AppData\Local\Packages\PythonSoftwareFoundation.Python.3.12_qbz5n2kfra8p0\LocalCache\local-packages\Python312\site-packages\langchain_core\runnables\base.py", line 3024, in invoke
    input = context.run(step.invoke, input, config)
            ^^^^^^^^^^^^^^^^^^^^^^^^^^^^^^^^^^^^^^^
  File "C:\Users\mahika.singh\AppData\Local\Packages\PythonSoftwareFoundation.Python.3.12_qbz5n2kfra8p0\LocalCache\local-packages\Python312\site-packages\langchain_core\retrievers.py", line 254, in invoke
    raise e
  File "C:\Users\mahika.singh\AppData\Local\Packages\PythonSoftwareFoundation.Python.3.12_qbz5n2kfra8p0\LocalCache\local-packages\Python312\site-packages\langchain_core\retrievers.py", line 247, in invoke
    result = self._get_relevant_documents(
             ^^^^^^^^^^^^^^^^^^^^^^^^^^^^^
  File "C:\Users\mahika.singh\AppData\Local\Packages\PythonSoftwareFoundation.Python.3.12_qbz5n2kfra8p0\LocalCache\local-packages\Python312\site-packages\langchain_core\vectorstores\base.py", line 1080, in _get_relevant_documents
    docs = self.vectorstore.similarity_search(query, **self.search_kwargs)
           ^^^^^^^^^^^^^^^^^^^^^^^^^^^^^^^^^^^^^^^^^^^^^^^^^^^^^^^^^^^^^^^
  File "C:\Users\mahika.singh\AppData\Local\Packages\PythonSoftwareFoundation.Python.3.12_qbz5n2kfra8p0\LocalCache\local-packages\Python312\site-packages\langchain_chroma\vectorstores.py", line 582, in similarity_search
    docs_and_scores = self.similarity_search_with_score(
                      ^^^^^^^^^^^^^^^^^^^^^^^^^^^^^^^^^^
  File "C:\Users\mahika.singh\AppData\Local\Packages\PythonSoftwareFoundation.Python.3.12_qbz5n2kfra8p0\LocalCache\local-packages\Python312\site-packages\langchain_chroma\vectorstores.py", line 680, in similarity_search_with_score
    results = self.__query_collection(
              ^^^^^^^^^^^^^^^^^^^^^^^^
  File "C:\Users\mahika.singh\AppData\Local\Packages\PythonSoftwareFoundation.Python.3.12_qbz5n2kfra8p0\LocalCache\local-packages\Python312\site-packages\langchain_core\utils\utils.py", line 53, in wrapper
    return func(*args, **kwargs)
           ^^^^^^^^^^^^^^^^^^^^^
  File "C:\Users\mahika.singh\AppData\Local\Packages\PythonSoftwareFoundation.Python.3.12_qbz5n2kfra8p0\LocalCache\local-packages\Python312\site-packages\langchain_chroma\vectorstores.py", line 379, in __query_collection
    return self._collection.query(
           ^^^^^^^^^^^^^^^^^^^^^^^
  File "C:\Users\mahika.singh\AppData\Local\Packages\PythonSoftwareFoundation.Python.3.12_qbz5n2kfra8p0\LocalCache\local-packages\Python312\site-packages\chromadb\api\models\Collection.py", line 197, in query
    query_results = self._client._query(
                    ^^^^^^^^^^^^^^^^^^^^
  File "C:\Users\mahika.singh\AppData\Local\Packages\PythonSoftwareFoundation.Python.3.12_qbz5n2kfra8p0\LocalCache\local-packages\Python312\site-packages\chromadb\telemetry\opentelemetry\__init__.py", line 146, in wrapper
    return f(*args, **kwargs)
           ^^^^^^^^^^^^^^^^^^
  File "C:\Users\mahika.singh\AppData\Local\Packages\PythonSoftwareFoundation.Python.3.12_qbz5n2kfra8p0\LocalCache\local-packages\Python312\site-packages\tenacity\__init__.py", line 336, in wrapped_f
    return copy(f, *args, **kw)
           ^^^^^^^^^^^^^^^^^^^^
  File "C:\Users\mahika.singh\AppData\Local\Packages\PythonSoftwareFoundation.Python.3.12_qbz5n2kfra8p0\LocalCache\local-packages\Python312\site-packages\tenacity\__init__.py", line 475, in __call__
    do = self.iter(retry_state=retry_state)
         ^^^^^^^^^^^^^^^^^^^^^^^^^^^^^^^^^^
  File "C:\Users\mahika.singh\AppData\Local\Packages\PythonSoftwareFoundation.Python.3.12_qbz5n2kfra8p0\LocalCache\local-packages\Python312\site-packages\tenacity\__init__.py", line 376, in iter
    result = action(retry_state)
             ^^^^^^^^^^^^^^^^^^^
  File "C:\Users\mahika.singh\AppData\Local\Packages\PythonSoftwareFoundation.Python.3.12_qbz5n2kfra8p0\LocalCache\local-packages\Python312\site-packages\tenacity\__init__.py", line 398, in <lambda>
    self._add_action_func(lambda rs: rs.outcome.result())
                                     ^^^^^^^^^^^^^^^^^^^
  File "C:\Program Files\WindowsApps\PythonSoftwareFoundation.Python.3.12_3.12.2032.0_x64__qbz5n2kfra8p0\Lib\concurrent\futures\_base.py", line 449, in result
    return self.__get_result()
           ^^^^^^^^^^^^^^^^^^^
  File "C:\Program Files\WindowsApps\PythonSoftwareFoundation.Python.3.12_3.12.2032.0_x64__qbz5n2kfra8p0\Lib\concurrent\futures\_base.py", line 401, in __get_result
    raise self._exception
  File "C:\Users\mahika.singh\AppData\Local\Packages\PythonSoftwareFoundation.Python.3.12_qbz5n2kfra8p0\LocalCache\local-packages\Python312\site-packages\tenacity\__init__.py", line 478, in __call__
    result = fn(*args, **kwargs)
             ^^^^^^^^^^^^^^^^^^^
  File "C:\Users\mahika.singh\AppData\Local\Packages\PythonSoftwareFoundation.Python.3.12_qbz5n2kfra8p0\LocalCache\local-packages\Python312\site-packages\chromadb\api\segment.py", line 675, in _query
    coll = self._get_collection(collection_id)
           ^^^^^^^^^^^^^^^^^^^^^^^^^^^^^^^^^^^
  File "C:\Users\mahika.singh\AppData\Local\Packages\PythonSoftwareFoundation.Python.3.12_qbz5n2kfra8p0\LocalCache\local-packages\Python312\site-packages\chromadb\telemetry\opentelemetry\__init__.py", line 146, in wrapper
    return f(*args, **kwargs)
           ^^^^^^^^^^^^^^^^^^
  File "C:\Users\mahika.singh\AppData\Local\Packages\PythonSoftwareFoundation.Python.3.12_qbz5n2kfra8p0\LocalCache\local-packages\Python312\site-packages\chromadb\api\segment.py", line 759, in _get_collection
    collections = self._sysdb.get_collections(id=collection_id)
                  ^^^^^^^^^^^^^^^^^^^^^^^^^^^^^^^^^^^^^^^^^^^^^
  File "C:\Users\mahika.singh\AppData\Local\Packages\PythonSoftwareFoundation.Python.3.12_qbz5n2kfra8p0\LocalCache\local-packages\Python312\site-packages\chromadb\telemetry\opentelemetry\__init__.py", line 146, in wrapper
    return f(*args, **kwargs)
           ^^^^^^^^^^^^^^^^^^
  File "C:\Users\mahika.singh\AppData\Local\Packages\PythonSoftwareFoundation.Python.3.12_qbz5n2kfra8p0\LocalCache\local-packages\Python312\site-packages\chromadb\db\mixins\sysdb.py", line 422, in get_collections
    rows = cur.execute(sql, params).fetchall()
           ^^^^^^^^^^^^^^^^^^^^^^^^
sqlite3.OperationalError: no such table: collections
2024-11-02 19:33:10,130 - INFO - Anonymized telemetry enabled. See                     https://docs.trychroma.com/telemetry for more information.
2024-11-02 19:33:10,404 - INFO - Added 166 documents to vector store.
2024-11-02 19:33:12,639 - INFO - HTTP Request: POST https://api.openai.com/v1/embeddings "HTTP/1.1 200 OK"
2024-11-02 19:33:14,175 - INFO - Added 166 documents to vector store.
2024-11-02 19:33:22,355 - ERROR - Cannot load documents from Database. File path is invalid.
2024-11-02 19:33:22,433 - WARNING - invalid pdf header: b'SQLit'
2024-11-02 19:33:23,028 - WARNING - EOF marker not found
2024-11-02 19:33:26,671 - ERROR - Cannot load documents from Database. File path is invalid.
2024-11-02 19:33:26,673 - WARNING - invalid pdf header: b'SQLit'
2024-11-02 19:33:27,665 - WARNING - EOF marker not found
2024-11-02 19:49:53,876 - ERROR - Cannot load documents from C:\Users\mahika.singh\OneDrive - Tridiagonal Solutions\Personal\My learnings\MolecuLab\Database. File path is invalid.
2024-11-02 19:49:53,965 - WARNING - invalid pdf header: b'SQLit'
2024-11-02 19:49:54,670 - WARNING - EOF marker not found
2024-11-03 00:36:44,909 - ERROR - Cannot load documents from Database. File path is invalid.
2024-11-03 00:36:45,313 - WARNING - invalid pdf header: b'SQLit'
2024-11-03 00:36:47,035 - WARNING - EOF marker not found
2024-11-03 00:45:21,409 - ERROR - Cannot load documents from Database. File path is invalid.
2024-11-03 00:45:21,739 - WARNING - invalid pdf header: b'SQLit'
2024-11-03 00:45:23,446 - WARNING - EOF marker not found
2024-11-03 00:48:56,419 - ERROR - Cannot load documents from Database. File path is invalid.
2024-11-03 00:48:56,419 - WARNING - invalid pdf header: b'SQLit'
2024-11-03 00:48:56,911 - WARNING - EOF marker not found
2024-11-03 00:53:22,344 - INFO - Loaded 392 documents from Database\Manual_Goods_2024.pdf.
2024-11-03 00:53:22,601 - INFO - Anonymized telemetry enabled. See                     https://docs.trychroma.com/telemetry for more information.
2024-11-03 00:53:23,632 - INFO - Added 166 documents to vector store.
2024-11-03 00:53:27,017 - INFO - HTTP Request: POST https://api.openai.com/v1/embeddings "HTTP/1.1 200 OK"
2024-11-03 00:53:29,242 - INFO - Added 166 documents to vector store.
2024-11-03 00:53:31,338 - INFO - HTTP Request: POST https://api.openai.com/v1/embeddings "HTTP/1.1 200 OK"
2024-11-03 00:53:33,906 - INFO - Added 166 documents to vector store.
2024-11-03 00:53:36,512 - INFO - HTTP Request: POST https://api.openai.com/v1/embeddings "HTTP/1.1 200 OK"
2024-11-03 00:53:38,920 - INFO - Added 166 documents to vector store.
2024-11-03 00:53:41,732 - INFO - HTTP Request: POST https://api.openai.com/v1/embeddings "HTTP/1.1 200 OK"
2024-11-03 00:53:44,069 - INFO - Added 166 documents to vector store.
2024-11-03 00:53:45,374 - INFO - HTTP Request: POST https://api.openai.com/v1/embeddings "HTTP/1.1 200 OK"
2024-11-03 00:53:47,683 - INFO - Added 166 documents to vector store.
2024-11-03 00:53:49,405 - INFO - HTTP Request: POST https://api.openai.com/v1/embeddings "HTTP/1.1 200 OK"
2024-11-03 00:53:51,142 - INFO - Added 166 documents to vector store.
2024-11-03 00:53:52,679 - INFO - HTTP Request: POST https://api.openai.com/v1/embeddings "HTTP/1.1 200 OK"
2024-11-03 00:53:54,908 - INFO - Added 166 documents to vector store.
2024-11-03 00:53:57,411 - INFO - HTTP Request: POST https://api.openai.com/v1/embeddings "HTTP/1.1 200 OK"
2024-11-03 00:53:59,505 - INFO - Added 166 documents to vector store.
2024-11-03 00:54:02,268 - INFO - HTTP Request: POST https://api.openai.com/v1/embeddings "HTTP/1.1 200 OK"
2024-11-03 00:54:04,527 - INFO - Added 166 documents to vector store.
2024-11-03 00:54:06,967 - INFO - HTTP Request: POST https://api.openai.com/v1/embeddings "HTTP/1.1 200 OK"
2024-11-03 00:54:09,420 - INFO - Added 166 documents to vector store.
2024-11-03 00:54:13,913 - INFO - HTTP Request: POST https://api.openai.com/v1/embeddings "HTTP/1.1 200 OK"
2024-11-03 00:54:16,179 - INFO - Added 166 documents to vector store.
2024-11-03 00:54:17,652 - INFO - HTTP Request: POST https://api.openai.com/v1/embeddings "HTTP/1.1 200 OK"
2024-11-03 00:54:19,835 - INFO - Added 166 documents to vector store.
2024-11-03 00:54:23,881 - INFO - HTTP Request: POST https://api.openai.com/v1/embeddings "HTTP/1.1 200 OK"
2024-11-03 00:54:25,927 - INFO - Added 165 documents to vector store.
2024-11-03 00:54:27,633 - INFO - HTTP Request: POST https://api.openai.com/v1/embeddings "HTTP/1.1 200 OK"
2024-11-03 00:58:00,833 - INFO - User Input: hi
2024-11-03 00:58:02,102 - INFO - HTTP Request: POST https://api.openai.com/v1/embeddings "HTTP/1.1 200 OK"
2024-11-03 00:58:03,254 - INFO - HTTP Request: POST https://api.openai.com/v1/chat/completions "HTTP/1.1 200 OK"
2024-11-03 00:59:36,579 - INFO - User Input: what is the limit for limited tenders?
2024-11-03 00:59:36,584 - ERROR - Error in question-answering: Message dict must contain 'role' and 'content' keys, got {'user': 'hi', 'ProcureAI': 'Hello! How can I assist you today?'}
For troubleshooting, visit: https://python.langchain.com/docs/troubleshooting/errors/MESSAGE_COERCION_FAILURE
Traceback (most recent call last):
  File "C:\Users\mahika.singh\AppData\Local\Packages\PythonSoftwareFoundation.Python.3.12_qbz5n2kfra8p0\LocalCache\local-packages\Python312\site-packages\langchain_core\messages\utils.py", line 316, in _convert_to_message
    msg_type = msg_kwargs.pop("role")
               ^^^^^^^^^^^^^^^^^^^^^^
KeyError: 'role'

During handling of the above exception, another exception occurred:

Traceback (most recent call last):
  File "C:\Users\mahika.singh\AppData\Local\Packages\PythonSoftwareFoundation.Python.3.12_qbz5n2kfra8p0\LocalCache\local-packages\Python312\site-packages\langchain_core\messages\utils.py", line 318, in _convert_to_message
    msg_type = msg_kwargs.pop("type")
               ^^^^^^^^^^^^^^^^^^^^^^
KeyError: 'type'

The above exception was the direct cause of the following exception:

Traceback (most recent call last):
  File "C:\Users\mahika.singh\OneDrive - Tridiagonal Solutions\Personal\My learnings\MolecuLab\bot_backend.py", line 129, in qna
    response = rag_chain.invoke({"input": user_input, "chat_history": chat_history})
               ^^^^^^^^^^^^^^^^^^^^^^^^^^^^^^^^^^^^^^^^^^^^^^^^^^^^^^^^^^^^^^^^^^^^^
  File "C:\Users\mahika.singh\AppData\Local\Packages\PythonSoftwareFoundation.Python.3.12_qbz5n2kfra8p0\LocalCache\local-packages\Python312\site-packages\langchain_core\runnables\base.py", line 5354, in invoke
    return self.bound.invoke(
           ^^^^^^^^^^^^^^^^^^
  File "C:\Users\mahika.singh\AppData\Local\Packages\PythonSoftwareFoundation.Python.3.12_qbz5n2kfra8p0\LocalCache\local-packages\Python312\site-packages\langchain_core\runnables\base.py", line 3022, in invoke
    input = context.run(step.invoke, input, config, **kwargs)
            ^^^^^^^^^^^^^^^^^^^^^^^^^^^^^^^^^^^^^^^^^^^^^^^^^
  File "C:\Users\mahika.singh\AppData\Local\Packages\PythonSoftwareFoundation.Python.3.12_qbz5n2kfra8p0\LocalCache\local-packages\Python312\site-packages\langchain_core\runnables\passthrough.py", line 494, in invoke
    return self._call_with_config(self._invoke, input, config, **kwargs)
           ^^^^^^^^^^^^^^^^^^^^^^^^^^^^^^^^^^^^^^^^^^^^^^^^^^^^^^^^^^^^^
  File "C:\Users\mahika.singh\AppData\Local\Packages\PythonSoftwareFoundation.Python.3.12_qbz5n2kfra8p0\LocalCache\local-packages\Python312\site-packages\langchain_core\runnables\base.py", line 1927, in _call_with_config
    context.run(
  File "C:\Users\mahika.singh\AppData\Local\Packages\PythonSoftwareFoundation.Python.3.12_qbz5n2kfra8p0\LocalCache\local-packages\Python312\site-packages\langchain_core\runnables\config.py", line 396, in call_func_with_variable_args
    return func(input, **kwargs)  # type: ignore[call-arg]
           ^^^^^^^^^^^^^^^^^^^^^
  File "C:\Users\mahika.singh\AppData\Local\Packages\PythonSoftwareFoundation.Python.3.12_qbz5n2kfra8p0\LocalCache\local-packages\Python312\site-packages\langchain_core\runnables\passthrough.py", line 481, in _invoke
    **self.mapper.invoke(
      ^^^^^^^^^^^^^^^^^^^
  File "C:\Users\mahika.singh\AppData\Local\Packages\PythonSoftwareFoundation.Python.3.12_qbz5n2kfra8p0\LocalCache\local-packages\Python312\site-packages\langchain_core\runnables\base.py", line 3727, in invoke
    output = {key: future.result() for key, future in zip(steps, futures)}
                   ^^^^^^^^^^^^^^^
  File "C:\Program Files\WindowsApps\PythonSoftwareFoundation.Python.3.12_3.12.2032.0_x64__qbz5n2kfra8p0\Lib\concurrent\futures\_base.py", line 449, in result
    return self.__get_result()
           ^^^^^^^^^^^^^^^^^^^
  File "C:\Program Files\WindowsApps\PythonSoftwareFoundation.Python.3.12_3.12.2032.0_x64__qbz5n2kfra8p0\Lib\concurrent\futures\_base.py", line 401, in __get_result
    raise self._exception
  File "C:\Program Files\WindowsApps\PythonSoftwareFoundation.Python.3.12_3.12.2032.0_x64__qbz5n2kfra8p0\Lib\concurrent\futures\thread.py", line 58, in run
    result = self.fn(*self.args, **self.kwargs)
             ^^^^^^^^^^^^^^^^^^^^^^^^^^^^^^^^^^
  File "C:\Users\mahika.singh\AppData\Local\Packages\PythonSoftwareFoundation.Python.3.12_qbz5n2kfra8p0\LocalCache\local-packages\Python312\site-packages\langchain_core\runnables\base.py", line 3711, in _invoke_step
    return context.run(
           ^^^^^^^^^^^^
  File "C:\Users\mahika.singh\AppData\Local\Packages\PythonSoftwareFoundation.Python.3.12_qbz5n2kfra8p0\LocalCache\local-packages\Python312\site-packages\langchain_core\runnables\base.py", line 5354, in invoke
    return self.bound.invoke(
           ^^^^^^^^^^^^^^^^^^
  File "C:\Users\mahika.singh\AppData\Local\Packages\PythonSoftwareFoundation.Python.3.12_qbz5n2kfra8p0\LocalCache\local-packages\Python312\site-packages\langchain_core\runnables\branch.py", line 242, in invoke
    output = self.default.invoke(
             ^^^^^^^^^^^^^^^^^^^^
  File "C:\Users\mahika.singh\AppData\Local\Packages\PythonSoftwareFoundation.Python.3.12_qbz5n2kfra8p0\LocalCache\local-packages\Python312\site-packages\langchain_core\runnables\base.py", line 3022, in invoke
    input = context.run(step.invoke, input, config, **kwargs)
            ^^^^^^^^^^^^^^^^^^^^^^^^^^^^^^^^^^^^^^^^^^^^^^^^^
  File "C:\Users\mahika.singh\AppData\Local\Packages\PythonSoftwareFoundation.Python.3.12_qbz5n2kfra8p0\LocalCache\local-packages\Python312\site-packages\langchain_core\prompts\base.py", line 208, in invoke
    return self._call_with_config(
           ^^^^^^^^^^^^^^^^^^^^^^^
  File "C:\Users\mahika.singh\AppData\Local\Packages\PythonSoftwareFoundation.Python.3.12_qbz5n2kfra8p0\LocalCache\local-packages\Python312\site-packages\langchain_core\runnables\base.py", line 1927, in _call_with_config
    context.run(
  File "C:\Users\mahika.singh\AppData\Local\Packages\PythonSoftwareFoundation.Python.3.12_qbz5n2kfra8p0\LocalCache\local-packages\Python312\site-packages\langchain_core\runnables\config.py", line 396, in call_func_with_variable_args
    return func(input, **kwargs)  # type: ignore[call-arg]
           ^^^^^^^^^^^^^^^^^^^^^
  File "C:\Users\mahika.singh\AppData\Local\Packages\PythonSoftwareFoundation.Python.3.12_qbz5n2kfra8p0\LocalCache\local-packages\Python312\site-packages\langchain_core\prompts\base.py", line 183, in _format_prompt_with_error_handling
    return self.format_prompt(**_inner_input)
           ^^^^^^^^^^^^^^^^^^^^^^^^^^^^^^^^^^
  File "C:\Users\mahika.singh\AppData\Local\Packages\PythonSoftwareFoundation.Python.3.12_qbz5n2kfra8p0\LocalCache\local-packages\Python312\site-packages\langchain_core\prompts\chat.py", line 785, in format_prompt
    messages = self.format_messages(**kwargs)
               ^^^^^^^^^^^^^^^^^^^^^^^^^^^^^^
  File "C:\Users\mahika.singh\AppData\Local\Packages\PythonSoftwareFoundation.Python.3.12_qbz5n2kfra8p0\LocalCache\local-packages\Python312\site-packages\langchain_core\prompts\chat.py", line 1228, in format_messages
    message = message_template.format_messages(**kwargs)
              ^^^^^^^^^^^^^^^^^^^^^^^^^^^^^^^^^^^^^^^^^^
  File "C:\Users\mahika.singh\AppData\Local\Packages\PythonSoftwareFoundation.Python.3.12_qbz5n2kfra8p0\LocalCache\local-packages\Python312\site-packages\langchain_core\prompts\chat.py", line 247, in format_messages
    value = convert_to_messages(value)
            ^^^^^^^^^^^^^^^^^^^^^^^^^^
  File "C:\Users\mahika.singh\AppData\Local\Packages\PythonSoftwareFoundation.Python.3.12_qbz5n2kfra8p0\LocalCache\local-packages\Python312\site-packages\langchain_core\messages\utils.py", line 354, in convert_to_messages
    return [_convert_to_message(m) for m in messages]
            ^^^^^^^^^^^^^^^^^^^^^^
  File "C:\Users\mahika.singh\AppData\Local\Packages\PythonSoftwareFoundation.Python.3.12_qbz5n2kfra8p0\LocalCache\local-packages\Python312\site-packages\langchain_core\messages\utils.py", line 326, in _convert_to_message
    raise ValueError(msg) from e
ValueError: Message dict must contain 'role' and 'content' keys, got {'user': 'hi', 'ProcureAI': 'Hello! How can I assist you today?'}
For troubleshooting, visit: https://python.langchain.com/docs/troubleshooting/errors/MESSAGE_COERCION_FAILURE
2024-11-03 01:03:07,308 - INFO - User Input: what is the limit for limited tenders?
2024-11-03 01:03:08,538 - INFO - HTTP Request: POST https://api.openai.com/v1/chat/completions "HTTP/1.1 200 OK"
2024-11-03 01:03:09,445 - INFO - HTTP Request: POST https://api.openai.com/v1/embeddings "HTTP/1.1 200 OK"
2024-11-03 01:03:10,522 - INFO - HTTP Request: POST https://api.openai.com/v1/chat/completions "HTTP/1.1 200 OK"
2024-11-03 01:03:27,134 - INFO - User Input: what is the limit for limited tenders?
2024-11-03 01:03:28,149 - INFO - HTTP Request: POST https://api.openai.com/v1/chat/completions "HTTP/1.1 200 OK"
2024-11-03 01:03:29,992 - INFO - HTTP Request: POST https://api.openai.com/v1/embeddings "HTTP/1.1 200 OK"
2024-11-03 01:03:31,488 - INFO - HTTP Request: POST https://api.openai.com/v1/chat/completions "HTTP/1.1 200 OK"
2024-11-03 01:03:34,683 - INFO - User Input: what is the limit for limited tenders?
2024-11-03 01:03:35,843 - INFO - HTTP Request: POST https://api.openai.com/v1/embeddings "HTTP/1.1 200 OK"
2024-11-03 01:03:36,538 - INFO - HTTP Request: POST https://api.openai.com/v1/chat/completions "HTTP/1.1 200 OK"
2024-11-03 01:04:21,467 - ERROR - Cannot load documents from Database. File path is invalid.
2024-11-03 01:04:21,685 - WARNING - invalid pdf header: b'SQLit'
2024-11-03 01:04:31,446 - WARNING - EOF marker not found
2024-11-03 01:10:26,669 - ERROR - Cannot load documents from Database. File path is invalid.
2024-11-03 01:10:26,672 - ERROR - No document splits available for vector store creation.
2024-11-03 01:15:52,114 - INFO - Loaded 392 documents from Database\Manual_Goods_2024.pdf.
2024-11-03 01:15:52,258 - INFO - Anonymized telemetry enabled. See                     https://docs.trychroma.com/telemetry for more information.
2024-11-03 01:15:53,202 - INFO - Added 166 documents to vector store.
2024-11-03 01:15:55,862 - INFO - HTTP Request: POST https://api.openai.com/v1/embeddings "HTTP/1.1 200 OK"
2024-11-03 01:15:57,874 - INFO - Added 166 documents to vector store.
2024-11-03 01:16:00,510 - INFO - HTTP Request: POST https://api.openai.com/v1/embeddings "HTTP/1.1 200 OK"
2024-11-03 01:16:02,670 - INFO - Added 166 documents to vector store.
2024-11-03 01:16:05,107 - INFO - HTTP Request: POST https://api.openai.com/v1/embeddings "HTTP/1.1 200 OK"
2024-11-03 01:16:07,347 - INFO - Added 166 documents to vector store.
2024-11-03 01:16:09,156 - INFO - HTTP Request: POST https://api.openai.com/v1/embeddings "HTTP/1.1 200 OK"
2024-11-03 01:16:11,456 - INFO - Added 166 documents to vector store.
2024-11-03 01:16:13,733 - INFO - HTTP Request: POST https://api.openai.com/v1/embeddings "HTTP/1.1 200 OK"
2024-11-03 01:16:15,986 - INFO - Added 166 documents to vector store.
2024-11-03 01:16:18,902 - INFO - HTTP Request: POST https://api.openai.com/v1/embeddings "HTTP/1.1 200 OK"
2024-11-03 01:16:21,024 - INFO - Added 166 documents to vector store.
2024-11-03 01:16:23,788 - INFO - HTTP Request: POST https://api.openai.com/v1/embeddings "HTTP/1.1 200 OK"
2024-11-03 01:16:26,040 - INFO - Added 166 documents to vector store.
2024-11-03 01:16:28,203 - INFO - HTTP Request: POST https://api.openai.com/v1/embeddings "HTTP/1.1 200 OK"
2024-11-03 01:16:30,458 - INFO - Added 166 documents to vector store.
2024-11-03 01:16:32,856 - INFO - HTTP Request: POST https://api.openai.com/v1/embeddings "HTTP/1.1 200 OK"
2024-11-03 01:16:35,085 - INFO - Added 166 documents to vector store.
2024-11-03 01:16:37,132 - INFO - HTTP Request: POST https://api.openai.com/v1/embeddings "HTTP/1.1 200 OK"
2024-11-03 01:16:39,292 - INFO - Added 166 documents to vector store.
2024-11-03 01:16:41,399 - INFO - HTTP Request: POST https://api.openai.com/v1/embeddings "HTTP/1.1 200 OK"
2024-11-03 01:16:43,560 - INFO - Added 166 documents to vector store.
2024-11-03 01:16:45,354 - INFO - HTTP Request: POST https://api.openai.com/v1/embeddings "HTTP/1.1 200 OK"
2024-11-03 01:16:47,318 - INFO - Added 166 documents to vector store.
2024-11-03 01:16:48,412 - INFO - HTTP Request: POST https://api.openai.com/v1/embeddings "HTTP/1.1 200 OK"
2024-11-03 01:16:49,882 - INFO - Added 165 documents to vector store.
2024-11-03 01:16:51,986 - INFO - HTTP Request: POST https://api.openai.com/v1/embeddings "HTTP/1.1 200 OK"
2024-11-03 01:17:24,919 - INFO - User Input: hi
2024-11-03 01:17:26,459 - INFO - HTTP Request: POST https://api.openai.com/v1/embeddings "HTTP/1.1 200 OK"
2024-11-03 01:17:27,636 - INFO - HTTP Request: POST https://api.openai.com/v1/chat/completions "HTTP/1.1 200 OK"
2024-11-03 01:17:51,520 - INFO - User Input: tell me about limit for limited tenders?
2024-11-03 01:17:52,152 - INFO - HTTP Request: POST https://api.openai.com/v1/chat/completions "HTTP/1.1 200 OK"
2024-11-03 01:17:53,217 - INFO - HTTP Request: POST https://api.openai.com/v1/embeddings "HTTP/1.1 200 OK"
2024-11-03 01:17:54,405 - INFO - HTTP Request: POST https://api.openai.com/v1/chat/completions "HTTP/1.1 200 OK"
2024-11-03 01:18:07,655 - INFO - User Input: okay, so how can i extend it?
2024-11-03 01:18:08,752 - INFO - HTTP Request: POST https://api.openai.com/v1/chat/completions "HTTP/1.1 200 OK"
2024-11-03 01:18:09,607 - INFO - HTTP Request: POST https://api.openai.com/v1/embeddings "HTTP/1.1 200 OK"
2024-11-03 01:18:10,787 - INFO - HTTP Request: POST https://api.openai.com/v1/chat/completions "HTTP/1.1 200 OK"
2024-11-03 01:47:20,049 - INFO - User Input: What factors should be considered when selecting a vendor?
2024-11-03 01:47:21,292 - INFO - HTTP Request: POST https://api.openai.com/v1/chat/completions "HTTP/1.1 200 OK"
2024-11-03 01:47:22,304 - INFO - HTTP Request: POST https://api.openai.com/v1/embeddings "HTTP/1.1 200 OK"
2024-11-03 01:47:23,415 - INFO - HTTP Request: POST https://api.openai.com/v1/chat/completions "HTTP/1.1 200 OK"
2024-11-03 01:48:41,315 - INFO - User Input: What factors should be considered when selecting a vendor?
2024-11-03 01:48:42,482 - INFO - HTTP Request: POST https://api.openai.com/v1/chat/completions "HTTP/1.1 200 OK"
2024-11-03 01:48:43,099 - INFO - HTTP Request: POST https://api.openai.com/v1/embeddings "HTTP/1.1 200 OK"
2024-11-03 01:48:44,954 - INFO - HTTP Request: POST https://api.openai.com/v1/chat/completions "HTTP/1.1 200 OK"
2024-11-03 01:48:48,672 - INFO - User Input: What factors should be considered when selecting a vendor?
2024-11-03 01:48:49,205 - INFO - HTTP Request: POST https://api.openai.com/v1/embeddings "HTTP/1.1 200 OK"
2024-11-03 01:48:50,304 - INFO - HTTP Request: POST https://api.openai.com/v1/chat/completions "HTTP/1.1 200 OK"
2024-11-03 01:49:50,466 - INFO - User Input: Hi
2024-11-03 01:49:51,316 - INFO - HTTP Request: POST https://api.openai.com/v1/embeddings "HTTP/1.1 200 OK"
2024-11-03 01:49:51,953 - INFO - HTTP Request: POST https://api.openai.com/v1/chat/completions "HTTP/1.1 200 OK"
2024-11-03 01:50:00,037 - INFO - User Input: can 
2024-11-03 01:50:00,596 - INFO - HTTP Request: POST https://api.openai.com/v1/chat/completions "HTTP/1.1 200 OK"
2024-11-03 01:50:01,216 - INFO - HTTP Request: POST https://api.openai.com/v1/embeddings "HTTP/1.1 200 OK"
2024-11-03 01:50:02,063 - INFO - HTTP Request: POST https://api.openai.com/v1/chat/completions "HTTP/1.1 200 OK"
2024-11-03 01:50:14,823 - INFO - User Input: What factors should be considered when selecting a vendor?
2024-11-03 01:50:15,768 - INFO - HTTP Request: POST https://api.openai.com/v1/chat/completions "HTTP/1.1 200 OK"
2024-11-03 01:50:16,989 - INFO - HTTP Request: POST https://api.openai.com/v1/embeddings "HTTP/1.1 200 OK"
2024-11-03 01:50:18,705 - INFO - HTTP Request: POST https://api.openai.com/v1/chat/completions "HTTP/1.1 200 OK"
2024-11-03 01:50:40,012 - INFO - User Input: What factors should be considered when selecting a vendor?
2024-11-03 01:50:41,068 - INFO - HTTP Request: POST https://api.openai.com/v1/chat/completions "HTTP/1.1 200 OK"
2024-11-03 01:50:41,418 - INFO - HTTP Request: POST https://api.openai.com/v1/embeddings "HTTP/1.1 200 OK"
2024-11-03 01:50:42,486 - INFO - HTTP Request: POST https://api.openai.com/v1/chat/completions "HTTP/1.1 200 OK"
2024-11-03 01:52:34,872 - INFO - User Input: Hi
2024-11-03 01:52:35,794 - INFO - HTTP Request: POST https://api.openai.com/v1/embeddings "HTTP/1.1 200 OK"
2024-11-03 01:52:36,817 - INFO - HTTP Request: POST https://api.openai.com/v1/chat/completions "HTTP/1.1 200 OK"
2024-11-03 01:52:58,550 - INFO - User Input: What factors should be considered when selecting a vendor?
2024-11-03 01:52:59,263 - INFO - HTTP Request: POST https://api.openai.com/v1/chat/completions "HTTP/1.1 200 OK"
2024-11-03 01:53:00,073 - INFO - HTTP Request: POST https://api.openai.com/v1/embeddings "HTTP/1.1 200 OK"
2024-11-03 01:53:01,343 - INFO - HTTP Request: POST https://api.openai.com/v1/chat/completions "HTTP/1.1 200 OK"
2024-11-03 01:53:42,893 - INFO - User Input: Can you tell me what legal and ethical issues should procurement professionals be aware of?
2024-11-03 01:53:43,552 - INFO - HTTP Request: POST https://api.openai.com/v1/chat/completions "HTTP/1.1 200 OK"
2024-11-03 01:53:44,315 - INFO - HTTP Request: POST https://api.openai.com/v1/embeddings "HTTP/1.1 200 OK"
2024-11-03 01:53:45,701 - INFO - HTTP Request: POST https://api.openai.com/v1/chat/completions "HTTP/1.1 200 OK"
2024-11-03 01:54:15,271 - INFO - User Input: Can you explain the concept of total cost of ownership in procurement?
2024-11-03 01:54:16,049 - INFO - HTTP Request: POST https://api.openai.com/v1/chat/completions "HTTP/1.1 200 OK"
2024-11-03 01:54:16,789 - INFO - HTTP Request: POST https://api.openai.com/v1/embeddings "HTTP/1.1 200 OK"
2024-11-03 01:54:18,432 - INFO - HTTP Request: POST https://api.openai.com/v1/chat/completions "HTTP/1.1 200 OK"
2024-11-03 01:54:44,009 - INFO - User Input: how is it used by procurement professionals?
2024-11-03 01:54:44,693 - INFO - HTTP Request: POST https://api.openai.com/v1/chat/completions "HTTP/1.1 200 OK"
2024-11-03 01:54:45,801 - INFO - HTTP Request: POST https://api.openai.com/v1/embeddings "HTTP/1.1 200 OK"
2024-11-03 01:54:47,035 - INFO - HTTP Request: POST https://api.openai.com/v1/chat/completions "HTTP/1.1 200 OK"
